#
# A fatal error has been detected by the Java Runtime Environment:
#
#  EXCEPTION_ACCESS_VIOLATION (0xc0000005) at pc=0x00007ffed65d05b3, pid=9292, tid=1428
#
# JRE version: Java(TM) SE Runtime Environment (17.0.11+7) (build 17.0.11+7-LTS-207)
# Java VM: Java HotSpot(TM) 64-Bit Server VM (17.0.11+7-LTS-207, mixed mode, sharing, tiered, compressed oops, compressed class ptrs, g1 gc, windows-amd64)
# Problematic frame:
# V  [jvm.dll+0x1205b3]
#
# No core dump will be written. Minidumps are not enabled by default on client versions of Windows
#
# If you would like to submit a bug report, please visit:
#   https://bugreport.java.com/bugreport/crash.jsp
#

---------------  S U M M A R Y ------------

Command Line: -Dclassworlds.conf=D:\PROYECTO PRUEBAS\apache-maven-3.8.8\bin\m2.conf -Dmaven.home=D:\PROYECTO PRUEBAS\apache-maven-3.8.8 -Dlibrary.jansi.path=D:\PROYECTO PRUEBAS\apache-maven-3.8.8\lib\jansi-native -Dmaven.multiModuleProjectDirectory=C:\Users\caste\Documents\NetBeansProjects\ProyectoClaseUMG org.codehaus.plexus.classworlds.launcher.Launcher -Dnetbeans.deploy=true -Dexec.vmArgs= -Dexec.appArgs= -Dmaven.ext.class.path=D:\PROYECTO PRUEBAS\NetBeans-19\netbeans\java\maven-nblib\netbeans-eventspy.jar -Dfile.encoding=UTF-8 --no-transfer-progress package

Host: 11th Gen Intel(R) Core(TM) i5-11400F @ 2.60GHz, 12 cores, 15G,  Windows 11 , 64 bit Build 22621 (10.0.22621.3958)
Time: Fri Aug 23 12:23:43 2024 Hora estándar, América Central elapsed time: 0.824889 seconds (0d 0h 0m 0s)

---------------  T H R E A D  ---------------

Current thread (0x0000019572036400):  JavaThread "C2 CompilerThread1" daemon [_thread_in_native, id=1428, stack(0x0000000101900000,0x0000000101a00000)]


Current CompileTask:
C2:    824 1744   !   4       java.net.URL::<init> (543 bytes)

Stack: [0x0000000101900000,0x0000000101a00000],  sp=0x00000001019fbb70,  free space=1006k
Native frames: (J=compiled Java code, j=interpreted, Vv=VM code, C=native code)
V  [jvm.dll+0x1205b3]
V  [jvm.dll+0x1f860d]
V  [jvm.dll+0x1f86f6]
V  [jvm.dll+0x1ba044]
V  [jvm.dll+0x216337]
V  [jvm.dll+0x21560f]
V  [jvm.dll+0x1a2040]
V  [jvm.dll+0x225a2b]
V  [jvm.dll+0x223bcb]
V  [jvm.dll+0x7903ec]
V  [jvm.dll+0x78a85a]
V  [jvm.dll+0x678bb5]
C  [ucrtbase.dll+0x29333]
C  [KERNEL32.DLL+0x1257d]
C  [ntdll.dll+0x5af28]


siginfo: EXCEPTION_ACCESS_VIOLATION (0xc0000005), reading address 0xffffffffffffffff


Registers:
RAX=0x00007ffed6d6cf49, RBX=0x0000000000000000, RCX=0x00000195726688d0, RDX=0x0000000000000000
RSP=0x00000001019fbb70, RBP=0x0000019572668940, RSI=0x0000019572668940, RDI=0x00000000000000be
R8 =0x00000195726688d0, R9 =0x0000000000000000, R10=0x0000000000000000, R11=0x0000000000000001
R12=0x0000000000000001, R13=0x00000000000003d8, R14=0x00000001019fc190, R15=0x00000001019fc010
RIP=0x00007ffed65d05b3, EFLAGS=0x0000000000010293


Register to memory mapping:

RIP=0x00007ffed65d05b3 jvm.dll
RAX=0x00007ffed6d6cf49 jvm.dll
RBX=0x0 is NULL
RCX=0x00000195726688d0 points into unknown readable memory: 0x00007ffed6d6cf49 | 49 cf d6 d6 fe 7f 00 00
RDX=0x0 is NULL
RSP=0x00000001019fbb70 is pointing into the stack for thread: 0x0000019572036400
RBP=0x0000019572668940 points into unknown readable memory: 0x00007ffed6d71c30 | 30 1c d7 d6 fe 7f 00 00
RSI=0x0000019572668940 points into unknown readable memory: 0x00007ffed6d71c30 | 30 1c d7 d6 fe 7f 00 00
RDI=0x00000000000000be is an unknown value
R8 =0x00000195726688d0 points into unknown readable memory: 0x00007ffed6d6cf49 | 49 cf d6 d6 fe 7f 00 00
R9 =0x0 is NULL
R10=0x0 is NULL
R11=0x0000000000000001 is an unknown value
R12=0x0000000000000001 is an unknown value
R13=0x00000000000003d8 is an unknown value
R14=0x00000001019fc190 is pointing into the stack for thread: 0x0000019572036400
R15=0x00000001019fc010 is pointing into the stack for thread: 0x0000019572036400


Top of Stack: (sp=0x00000001019fbb70)
0x00000001019fbb70:   0000000000000000 0000000000000000
0x00000001019fbb80:   000001952ca8d100 0000019573110b38
0x00000001019fbb90:   0000000000000000 0000000000000000
0x00000001019fbba0:   000001952ca8d100 0000019572668940
0x00000001019fbbb0:   00000001019fbe10 00007ffed66a860d
0x00000001019fbbc0:   00000000000000be 00000001019fc190
0x00000001019fbbd0:   00000001019fbe10 0000019572668d60
0x00000001019fbbe0:   00007ffe00000002 00007ffed66c5ac2
0x00000001019fbbf0:   000001952ca8d110 00007ffed66a86f6
0x00000001019fbc00:   00000001019fbe10 00000000000000bd
0x00000001019fbc10:   00000001019fc190 00000001019fbd30
0x00000001019fbc20:   0000000000000000 00007ffed666a044
0x00000001019fbc30:   00000001019fc0b0 00000001019fbd30
0x00000001019fbc40:   000001952ca8d110 000001952ca8d100
0x00000001019fbc50:   0000000000000000 00007fff2b109a9e
0x00000001019fbc60:   0000019500000006 000001952ca8d100 

Instructions: (pc=0x00007ffed65d05b3)
0x00007ffed65d04b3:   84 ca 01 00 00 85 d2 74 09 48 8b 45 20 48 8b 08
0x00007ffed65d04c3:   eb 03 48 8b cb 8b 41 2c 83 e0 0f 3c 09 0f 84 ac
0x00007ffed65d04d3:   01 00 00 f2 0f 10 35 6a 18 7a 00 66 0f 2f 75 08
0x00007ffed65d04e3:   0f 87 95 01 00 00 48 89 7c 24 50 8b 7d 28 ff cf
0x00007ffed65d04f3:   4c 89 74 24 58 3b fa 73 0a 48 8b 45 20 4c 8b 34
0x00007ffed65d0503:   f8 eb 03 4c 8b f3 49 8b 06 49 8b ce ff 50 20 49
0x00007ffed65d0513:   3b c6 4c 8b 74 24 58 74 03 2b 7d 48 3b 7d 18 73
0x00007ffed65d0523:   0a 48 8b 45 20 48 8b 0c f8 eb 03 48 8b cb 8b 41
0x00007ffed65d0533:   2c 48 8b 7c 24 50 83 e0 3f 3c 2a 75 07 48 8b 41
0x00007ffed65d0543:   08 48 8b 08 8b 41 2c 83 e0 1f 3c 1d 75 07 48 8b
0x00007ffed65d0553:   41 08 48 8b 08 8b 51 2c 8b c2 25 ff 03 00 00 3d
0x00007ffed65d0563:   08 02 00 00 75 37 48 8b 41 08 4c 8b 00 41 8b 40
0x00007ffed65d0573:   2c 83 e0 1f 3c 1e 75 25 f3 41 0f 10 88 88 00 00
0x00007ffed65d0583:   00 0f 2e 0d b1 d4 79 00 7a 02 74 11 f3 0f 10 05
0x00007ffed65d0593:   01 0a 7a 00 0f 2f c1 0f 83 de 00 00 00 48 8b 01
0x00007ffed65d05a3:   80 e2 03 80 fa 02 75 08 ff 90 48 01 00 00 eb 02
0x00007ffed65d05b3:   ff 10 3d a3 00 00 00 0f 84 be 00 00 00 44 8b 45
0x00007ffed65d05c3:   18 44 8b d3 f2 0f 10 1d 81 17 7a 00 44 8b db f2
0x00007ffed65d05d3:   0f 10 15 5e 17 7a 00 44 8b cb ba 01 00 00 00 45
0x00007ffed65d05e3:   85 c0 74 09 48 8b 45 20 48 8b 08 eb 03 48 8b cb
0x00007ffed65d05f3:   3b 51 18 73 54 45 85 c0 74 09 48 8b 45 20 48 8b
0x00007ffed65d0603:   00 eb 03 48 8b c3 48 8b 40 08 8b ca 48 8b 0c c8
0x00007ffed65d0613:   49 8b 47 78 8b 49 28 48 8b 0c c8 f2 0f 10 49 08
0x00007ffed65d0623:   0f 28 c1 f2 0f 59 c3 66 0f 2f f0 76 07 41 ff c2
0x00007ffed65d0633:   ff c2 eb ab f2 0f 59 ca 41 ff c3 66 0f 2f 4d 08
0x00007ffed65d0643:   76 03 41 ff c1 ff c2 eb 96 45 85 c0 74 09 48 8b
0x00007ffed65d0653:   45 20 48 8b 08 eb 03 48 8b cb 83 79 18 01 76 1f
0x00007ffed65d0663:   45 85 c0 74 07 48 8b 45 20 48 8b 18 8b 43 18 ff
0x00007ffed65d0673:   c8 44 3b d0 74 05 45 3b cb 75 04 b0 01 eb 02 32
0x00007ffed65d0683:   c0 0f 28 74 24 20 48 8b 5c 24 60 48 83 c4 30 41
0x00007ffed65d0693:   5f 5e 5d c3 cc cc cc cc cc cc cc cc cc 48 89 6c
0x00007ffed65d06a3:   24 18 48 89 74 24 20 57 48 83 ec 30 8b 01 49 8b 


Stack slot to memory mapping:
stack at sp + 0 slots: 0x0 is NULL
stack at sp + 1 slots: 0x0 is NULL
stack at sp + 2 slots: 0x000001952ca8d100 points into unknown readable memory: 0x00000195732c12a0 | a0 12 2c 73 95 01 00 00
stack at sp + 3 slots: 0x0000019573110b38 points into unknown readable memory: 0x00007ffed6d6d420 | 20 d4 d6 d6 fe 7f 00 00
stack at sp + 4 slots: 0x0 is NULL
stack at sp + 5 slots: 0x0 is NULL
stack at sp + 6 slots: 0x000001952ca8d100 points into unknown readable memory: 0x00000195732c12a0 | a0 12 2c 73 95 01 00 00
stack at sp + 7 slots: 0x0000019572668940 points into unknown readable memory: 0x00007ffed6d71c30 | 30 1c d7 d6 fe 7f 00 00


---------------  P R O C E S S  ---------------

Threads class SMR info:
_java_thread_list=0x0000019572563790, length=14, elements={
0x00000195097268e0, 0x000001952c880440, 0x000001952c881000, 0x000001952c896000,
0x000001952c898dd0, 0x000001952c89b7a0, 0x000001952c9d8090, 0x000001952c9e28c0,
0x000001952c9e5380, 0x000001952c89d2b0, 0x000001952cb1a530, 0x000001952cb20a90,
0x0000019572036400, 0x0000019572036920
}

Java Threads: ( => current thread )
  0x00000195097268e0 JavaThread "main" [_thread_in_native, id=8032, stack(0x0000000100600000,0x0000000100700000)]
  0x000001952c880440 JavaThread "Reference Handler" daemon [_thread_blocked, id=4784, stack(0x0000000100d00000,0x0000000100e00000)]
  0x000001952c881000 JavaThread "Finalizer" daemon [_thread_blocked, id=4716, stack(0x0000000100e00000,0x0000000100f00000)]
  0x000001952c896000 JavaThread "Signal Dispatcher" daemon [_thread_blocked, id=2836, stack(0x0000000100f00000,0x0000000101000000)]
  0x000001952c898dd0 JavaThread "Attach Listener" daemon [_thread_blocked, id=6380, stack(0x0000000101000000,0x0000000101100000)]
  0x000001952c89b7a0 JavaThread "Service Thread" daemon [_thread_blocked, id=12332, stack(0x0000000101100000,0x0000000101200000)]
  0x000001952c9d8090 JavaThread "Monitor Deflation Thread" daemon [_thread_blocked, id=10964, stack(0x0000000101200000,0x0000000101300000)]
  0x000001952c9e28c0 JavaThread "C2 CompilerThread0" daemon [_thread_blocked, id=12444, stack(0x0000000101300000,0x0000000101400000)]
  0x000001952c9e5380 JavaThread "C1 CompilerThread0" daemon [_thread_blocked, id=13336, stack(0x0000000101400000,0x0000000101500000)]
  0x000001952c89d2b0 JavaThread "Sweeper thread" daemon [_thread_blocked, id=2684, stack(0x0000000101500000,0x0000000101600000)]
  0x000001952cb1a530 JavaThread "Notification Thread" daemon [_thread_blocked, id=7944, stack(0x0000000101600000,0x0000000101700000)]
  0x000001952cb20a90 JavaThread "Common-Cleaner" daemon [_thread_blocked, id=2496, stack(0x0000000101800000,0x0000000101900000)]
=>0x0000019572036400 JavaThread "C2 CompilerThread1" daemon [_thread_in_native, id=1428, stack(0x0000000101900000,0x0000000101a00000)]
  0x0000019572036920 JavaThread "C2 CompilerThread2" daemon [_thread_blocked, id=5060, stack(0x0000000101a00000,0x0000000101b00000)]

Other Threads:
  0x000001952c87b990 VMThread "VM Thread" [stack: 0x0000000100c00000,0x0000000100d00000] [id=14228]
  0x00000195097ad8b0 WatcherThread [stack: 0x0000000101700000,0x0000000101800000] [id=13460]
  0x000001950978f5f0 GCTaskThread "GC Thread#0" [stack: 0x0000000100700000,0x0000000100800000] [id=13472]
  0x0000019572bc7ce0 GCTaskThread "GC Thread#1" [stack: 0x0000000101b00000,0x0000000101c00000] [id=14004]
  0x000001952cb80f50 GCTaskThread "GC Thread#2" [stack: 0x0000000101c00000,0x0000000101d00000] [id=4656]
  0x00000195727581e0 GCTaskThread "GC Thread#3" [stack: 0x0000000101d00000,0x0000000101e00000] [id=7948]
  0x0000019572d8ba80 GCTaskThread "GC Thread#4" [stack: 0x0000000101e00000,0x0000000101f00000] [id=8020]
  0x00000195730cd7f0 GCTaskThread "GC Thread#5" [stack: 0x0000000101f00000,0x0000000102000000] [id=7680]
  0x00000195728b3b60 GCTaskThread "GC Thread#6" [stack: 0x0000000102000000,0x0000000102100000] [id=12536]
  0x0000019572926af0 GCTaskThread "GC Thread#7" [stack: 0x0000000102100000,0x0000000102200000] [id=13620]
  0x0000019572b4cbc0 GCTaskThread "GC Thread#8" [stack: 0x0000000102200000,0x0000000102300000] [id=3116]
  0x0000019572b4dab0 GCTaskThread "GC Thread#9" [stack: 0x0000000102300000,0x0000000102400000] [id=5952]
  0x00000195097a0310 ConcurrentGCThread "G1 Main Marker" [stack: 0x0000000100800000,0x0000000100900000] [id=13436]
  0x00000195097a0d20 ConcurrentGCThread "G1 Conc#0" [stack: 0x0000000100900000,0x0000000100a00000] [id=9724]
  0x00000195097eece0 ConcurrentGCThread "G1 Refine#0" [stack: 0x0000000100a00000,0x0000000100b00000] [id=2524]
  0x000001952c737c50 ConcurrentGCThread "G1 Service" [stack: 0x0000000100b00000,0x0000000100c00000] [id=10560]

Threads with active compile tasks:
C2 CompilerThread1      860 1744   !   4       java.net.URL::<init> (543 bytes)

VM state: not at safepoint (normal execution)

VM Mutex/Monitor currently owned by a thread: None

Heap address: 0x0000000702200000, size: 4062 MB, Compressed Oops mode: Zero based, Oop shift amount: 3

CDS archive(s) mapped at: [0x000001952d000000-0x000001952dbd0000-0x000001952dbd0000), size 12386304, SharedBaseAddress: 0x000001952d000000, ArchiveRelocationMode: 1.
Compressed class space mapped at: 0x000001952e000000-0x000001956e000000, reserved size: 1073741824
Narrow klass base: 0x000001952d000000, Narrow klass shift: 0, Narrow klass range: 0x100000000

GC Precious Log:
 CPUs: 12 total, 12 available
 Memory: 16247M
 Large Page Support: Disabled
 NUMA Support: Disabled
 Compressed Oops: Enabled (Zero based)
 Heap Region Size: 2M
 Heap Min Capacity: 8M
 Heap Initial Capacity: 254M
 Heap Max Capacity: 4062M
 Pre-touch: Disabled
 Parallel Workers: 10
 Concurrent Workers: 3
 Concurrent Refinement Workers: 10
 Periodic GC: Disabled

Heap:
 garbage-first heap   total 260096K, used 13739K [0x0000000702200000, 0x0000000800000000)
  region size 2048K, 7 young (14336K), 2 survivors (4096K)
 Metaspace       used 11719K, committed 11904K, reserved 1114112K
  class space    used 1411K, committed 1536K, reserved 1048576K

Heap Regions: E=young(eden), S=young(survivor), O=old, HS=humongous(starts), HC=humongous(continues), CS=collection set, F=free, OA=open archive, CA=closed archive, TAMS=top-at-mark-start (previous, next)
|   0|0x0000000702200000, 0x0000000702400000, 0x0000000702400000|100%| O|  |TAMS 0x0000000702200000, 0x0000000702200000| Untracked 
|   1|0x0000000702400000, 0x000000070253b600, 0x0000000702600000| 61%| O|  |TAMS 0x0000000702400000, 0x0000000702400000| Untracked 
|   2|0x0000000702600000, 0x0000000702600000, 0x0000000702800000|  0%| F|  |TAMS 0x0000000702600000, 0x0000000702600000| Untracked 
|   3|0x0000000702800000, 0x0000000702800000, 0x0000000702a00000|  0%| F|  |TAMS 0x0000000702800000, 0x0000000702800000| Untracked 
|   4|0x0000000702a00000, 0x0000000702a00000, 0x0000000702c00000|  0%| F|  |TAMS 0x0000000702a00000, 0x0000000702a00000| Untracked 
|   5|0x0000000702c00000, 0x0000000702c00000, 0x0000000702e00000|  0%| F|  |TAMS 0x0000000702c00000, 0x0000000702c00000| Untracked 
|   6|0x0000000702e00000, 0x0000000702e00000, 0x0000000703000000|  0%| F|  |TAMS 0x0000000702e00000, 0x0000000702e00000| Untracked 
|   7|0x0000000703000000, 0x0000000703000000, 0x0000000703200000|  0%| F|  |TAMS 0x0000000703000000, 0x0000000703000000| Untracked 
|   8|0x0000000703200000, 0x0000000703200000, 0x0000000703400000|  0%| F|  |TAMS 0x0000000703200000, 0x0000000703200000| Untracked 
|   9|0x0000000703400000, 0x0000000703400000, 0x0000000703600000|  0%| F|  |TAMS 0x0000000703400000, 0x0000000703400000| Untracked 
|  10|0x0000000703600000, 0x0000000703600000, 0x0000000703800000|  0%| F|  |TAMS 0x0000000703600000, 0x0000000703600000| Untracked 
|  11|0x0000000703800000, 0x0000000703800000, 0x0000000703a00000|  0%| F|  |TAMS 0x0000000703800000, 0x0000000703800000| Untracked 
|  12|0x0000000703a00000, 0x0000000703a00000, 0x0000000703c00000|  0%| F|  |TAMS 0x0000000703a00000, 0x0000000703a00000| Untracked 
|  13|0x0000000703c00000, 0x0000000703c00000, 0x0000000703e00000|  0%| F|  |TAMS 0x0000000703c00000, 0x0000000703c00000| Untracked 
|  14|0x0000000703e00000, 0x0000000703e00000, 0x0000000704000000|  0%| F|  |TAMS 0x0000000703e00000, 0x0000000703e00000| Untracked 
|  15|0x0000000704000000, 0x0000000704000000, 0x0000000704200000|  0%| F|  |TAMS 0x0000000704000000, 0x0000000704000000| Untracked 
|  16|0x0000000704200000, 0x0000000704200000, 0x0000000704400000|  0%| F|  |TAMS 0x0000000704200000, 0x0000000704200000| Untracked 
|  17|0x0000000704400000, 0x0000000704400000, 0x0000000704600000|  0%| F|  |TAMS 0x0000000704400000, 0x0000000704400000| Untracked 
|  18|0x0000000704600000, 0x0000000704600000, 0x0000000704800000|  0%| F|  |TAMS 0x0000000704600000, 0x0000000704600000| Untracked 
|  19|0x0000000704800000, 0x0000000704800000, 0x0000000704a00000|  0%| F|  |TAMS 0x0000000704800000, 0x0000000704800000| Untracked 
|  20|0x0000000704a00000, 0x0000000704a00000, 0x0000000704c00000|  0%| F|  |TAMS 0x0000000704a00000, 0x0000000704a00000| Untracked 
|  21|0x0000000704c00000, 0x0000000704c00000, 0x0000000704e00000|  0%| F|  |TAMS 0x0000000704c00000, 0x0000000704c00000| Untracked 
|  22|0x0000000704e00000, 0x0000000704e00000, 0x0000000705000000|  0%| F|  |TAMS 0x0000000704e00000, 0x0000000704e00000| Untracked 
|  23|0x0000000705000000, 0x0000000705000000, 0x0000000705200000|  0%| F|  |TAMS 0x0000000705000000, 0x0000000705000000| Untracked 
|  24|0x0000000705200000, 0x0000000705200000, 0x0000000705400000|  0%| F|  |TAMS 0x0000000705200000, 0x0000000705200000| Untracked 
|  25|0x0000000705400000, 0x0000000705400000, 0x0000000705600000|  0%| F|  |TAMS 0x0000000705400000, 0x0000000705400000| Untracked 
|  26|0x0000000705600000, 0x0000000705600000, 0x0000000705800000|  0%| F|  |TAMS 0x0000000705600000, 0x0000000705600000| Untracked 
|  27|0x0000000705800000, 0x0000000705800000, 0x0000000705a00000|  0%| F|  |TAMS 0x0000000705800000, 0x0000000705800000| Untracked 
|  28|0x0000000705a00000, 0x0000000705a00000, 0x0000000705c00000|  0%| F|  |TAMS 0x0000000705a00000, 0x0000000705a00000| Untracked 
|  29|0x0000000705c00000, 0x0000000705c00000, 0x0000000705e00000|  0%| F|  |TAMS 0x0000000705c00000, 0x0000000705c00000| Untracked 
|  30|0x0000000705e00000, 0x0000000705e00000, 0x0000000706000000|  0%| F|  |TAMS 0x0000000705e00000, 0x0000000705e00000| Untracked 
|  31|0x0000000706000000, 0x0000000706000000, 0x0000000706200000|  0%| F|  |TAMS 0x0000000706000000, 0x0000000706000000| Untracked 
|  32|0x0000000706200000, 0x0000000706200000, 0x0000000706400000|  0%| F|  |TAMS 0x0000000706200000, 0x0000000706200000| Untracked 
|  33|0x0000000706400000, 0x0000000706400000, 0x0000000706600000|  0%| F|  |TAMS 0x0000000706400000, 0x0000000706400000| Untracked 
|  34|0x0000000706600000, 0x0000000706600000, 0x0000000706800000|  0%| F|  |TAMS 0x0000000706600000, 0x0000000706600000| Untracked 
|  35|0x0000000706800000, 0x0000000706800000, 0x0000000706a00000|  0%| F|  |TAMS 0x0000000706800000, 0x0000000706800000| Untracked 
|  36|0x0000000706a00000, 0x0000000706a00000, 0x0000000706c00000|  0%| F|  |TAMS 0x0000000706a00000, 0x0000000706a00000| Untracked 
|  37|0x0000000706c00000, 0x0000000706c00000, 0x0000000706e00000|  0%| F|  |TAMS 0x0000000706c00000, 0x0000000706c00000| Untracked 
|  38|0x0000000706e00000, 0x0000000706e00000, 0x0000000707000000|  0%| F|  |TAMS 0x0000000706e00000, 0x0000000706e00000| Untracked 
|  39|0x0000000707000000, 0x0000000707000000, 0x0000000707200000|  0%| F|  |TAMS 0x0000000707000000, 0x0000000707000000| Untracked 
|  40|0x0000000707200000, 0x0000000707200000, 0x0000000707400000|  0%| F|  |TAMS 0x0000000707200000, 0x0000000707200000| Untracked 
|  41|0x0000000707400000, 0x0000000707400000, 0x0000000707600000|  0%| F|  |TAMS 0x0000000707400000, 0x0000000707400000| Untracked 
|  42|0x0000000707600000, 0x0000000707600000, 0x0000000707800000|  0%| F|  |TAMS 0x0000000707600000, 0x0000000707600000| Untracked 
|  43|0x0000000707800000, 0x0000000707800000, 0x0000000707a00000|  0%| F|  |TAMS 0x0000000707800000, 0x0000000707800000| Untracked 
|  44|0x0000000707a00000, 0x0000000707a00000, 0x0000000707c00000|  0%| F|  |TAMS 0x0000000707a00000, 0x0000000707a00000| Untracked 
|  45|0x0000000707c00000, 0x0000000707c00000, 0x0000000707e00000|  0%| F|  |TAMS 0x0000000707c00000, 0x0000000707c00000| Untracked 
|  46|0x0000000707e00000, 0x0000000707e00000, 0x0000000708000000|  0%| F|  |TAMS 0x0000000707e00000, 0x0000000707e00000| Untracked 
|  47|0x0000000708000000, 0x0000000708000000, 0x0000000708200000|  0%| F|  |TAMS 0x0000000708000000, 0x0000000708000000| Untracked 
|  48|0x0000000708200000, 0x0000000708200000, 0x0000000708400000|  0%| F|  |TAMS 0x0000000708200000, 0x0000000708200000| Untracked 
|  49|0x0000000708400000, 0x0000000708400000, 0x0000000708600000|  0%| F|  |TAMS 0x0000000708400000, 0x0000000708400000| Untracked 
|  50|0x0000000708600000, 0x0000000708600000, 0x0000000708800000|  0%| F|  |TAMS 0x0000000708600000, 0x0000000708600000| Untracked 
|  51|0x0000000708800000, 0x0000000708800000, 0x0000000708a00000|  0%| F|  |TAMS 0x0000000708800000, 0x0000000708800000| Untracked 
|  52|0x0000000708a00000, 0x0000000708a00000, 0x0000000708c00000|  0%| F|  |TAMS 0x0000000708a00000, 0x0000000708a00000| Untracked 
|  53|0x0000000708c00000, 0x0000000708c00000, 0x0000000708e00000|  0%| F|  |TAMS 0x0000000708c00000, 0x0000000708c00000| Untracked 
|  54|0x0000000708e00000, 0x0000000708e00000, 0x0000000709000000|  0%| F|  |TAMS 0x0000000708e00000, 0x0000000708e00000| Untracked 
|  55|0x0000000709000000, 0x0000000709000000, 0x0000000709200000|  0%| F|  |TAMS 0x0000000709000000, 0x0000000709000000| Untracked 
|  56|0x0000000709200000, 0x0000000709200000, 0x0000000709400000|  0%| F|  |TAMS 0x0000000709200000, 0x0000000709200000| Untracked 
|  57|0x0000000709400000, 0x0000000709400000, 0x0000000709600000|  0%| F|  |TAMS 0x0000000709400000, 0x0000000709400000| Untracked 
|  58|0x0000000709600000, 0x0000000709600000, 0x0000000709800000|  0%| F|  |TAMS 0x0000000709600000, 0x0000000709600000| Untracked 
|  59|0x0000000709800000, 0x0000000709800000, 0x0000000709a00000|  0%| F|  |TAMS 0x0000000709800000, 0x0000000709800000| Untracked 
|  60|0x0000000709a00000, 0x0000000709a00000, 0x0000000709c00000|  0%| F|  |TAMS 0x0000000709a00000, 0x0000000709a00000| Untracked 
|  61|0x0000000709c00000, 0x0000000709c00000, 0x0000000709e00000|  0%| F|  |TAMS 0x0000000709c00000, 0x0000000709c00000| Untracked 
|  62|0x0000000709e00000, 0x0000000709e00000, 0x000000070a000000|  0%| F|  |TAMS 0x0000000709e00000, 0x0000000709e00000| Untracked 
|  63|0x000000070a000000, 0x000000070a000000, 0x000000070a200000|  0%| F|  |TAMS 0x000000070a000000, 0x000000070a000000| Untracked 
|  64|0x000000070a200000, 0x000000070a200000, 0x000000070a400000|  0%| F|  |TAMS 0x000000070a200000, 0x000000070a200000| Untracked 
|  65|0x000000070a400000, 0x000000070a400000, 0x000000070a600000|  0%| F|  |TAMS 0x000000070a400000, 0x000000070a400000| Untracked 
|  66|0x000000070a600000, 0x000000070a600000, 0x000000070a800000|  0%| F|  |TAMS 0x000000070a600000, 0x000000070a600000| Untracked 
|  67|0x000000070a800000, 0x000000070a800000, 0x000000070aa00000|  0%| F|  |TAMS 0x000000070a800000, 0x000000070a800000| Untracked 
|  68|0x000000070aa00000, 0x000000070aa00000, 0x000000070ac00000|  0%| F|  |TAMS 0x000000070aa00000, 0x000000070aa00000| Untracked 
|  69|0x000000070ac00000, 0x000000070ac00000, 0x000000070ae00000|  0%| F|  |TAMS 0x000000070ac00000, 0x000000070ac00000| Untracked 
|  70|0x000000070ae00000, 0x000000070ae00000, 0x000000070b000000|  0%| F|  |TAMS 0x000000070ae00000, 0x000000070ae00000| Untracked 
|  71|0x000000070b000000, 0x000000070b000000, 0x000000070b200000|  0%| F|  |TAMS 0x000000070b000000, 0x000000070b000000| Untracked 
|  72|0x000000070b200000, 0x000000070b200000, 0x000000070b400000|  0%| F|  |TAMS 0x000000070b200000, 0x000000070b200000| Untracked 
|  73|0x000000070b400000, 0x000000070b400000, 0x000000070b600000|  0%| F|  |TAMS 0x000000070b400000, 0x000000070b400000| Untracked 
|  74|0x000000070b600000, 0x000000070b600000, 0x000000070b800000|  0%| F|  |TAMS 0x000000070b600000, 0x000000070b600000| Untracked 
|  75|0x000000070b800000, 0x000000070b800000, 0x000000070ba00000|  0%| F|  |TAMS 0x000000070b800000, 0x000000070b800000| Untracked 
|  76|0x000000070ba00000, 0x000000070ba00000, 0x000000070bc00000|  0%| F|  |TAMS 0x000000070ba00000, 0x000000070ba00000| Untracked 
|  77|0x000000070bc00000, 0x000000070bc00000, 0x000000070be00000|  0%| F|  |TAMS 0x000000070bc00000, 0x000000070bc00000| Untracked 
|  78|0x000000070be00000, 0x000000070be00000, 0x000000070c000000|  0%| F|  |TAMS 0x000000070be00000, 0x000000070be00000| Untracked 
|  79|0x000000070c000000, 0x000000070c000000, 0x000000070c200000|  0%| F|  |TAMS 0x000000070c000000, 0x000000070c000000| Untracked 
|  80|0x000000070c200000, 0x000000070c200000, 0x000000070c400000|  0%| F|  |TAMS 0x000000070c200000, 0x000000070c200000| Untracked 
|  81|0x000000070c400000, 0x000000070c400000, 0x000000070c600000|  0%| F|  |TAMS 0x000000070c400000, 0x000000070c400000| Untracked 
|  82|0x000000070c600000, 0x000000070c600000, 0x000000070c800000|  0%| F|  |TAMS 0x000000070c600000, 0x000000070c600000| Untracked 
|  83|0x000000070c800000, 0x000000070c800000, 0x000000070ca00000|  0%| F|  |TAMS 0x000000070c800000, 0x000000070c800000| Untracked 
|  84|0x000000070ca00000, 0x000000070ca00000, 0x000000070cc00000|  0%| F|  |TAMS 0x000000070ca00000, 0x000000070ca00000| Untracked 
|  85|0x000000070cc00000, 0x000000070cc00000, 0x000000070ce00000|  0%| F|  |TAMS 0x000000070cc00000, 0x000000070cc00000| Untracked 
|  86|0x000000070ce00000, 0x000000070ce00000, 0x000000070d000000|  0%| F|  |TAMS 0x000000070ce00000, 0x000000070ce00000| Untracked 
|  87|0x000000070d000000, 0x000000070d000000, 0x000000070d200000|  0%| F|  |TAMS 0x000000070d000000, 0x000000070d000000| Untracked 
|  88|0x000000070d200000, 0x000000070d200000, 0x000000070d400000|  0%| F|  |TAMS 0x000000070d200000, 0x000000070d200000| Untracked 
|  89|0x000000070d400000, 0x000000070d400000, 0x000000070d600000|  0%| F|  |TAMS 0x000000070d400000, 0x000000070d400000| Untracked 
|  90|0x000000070d600000, 0x000000070d600000, 0x000000070d800000|  0%| F|  |TAMS 0x000000070d600000, 0x000000070d600000| Untracked 
|  91|0x000000070d800000, 0x000000070d800000, 0x000000070da00000|  0%| F|  |TAMS 0x000000070d800000, 0x000000070d800000| Untracked 
|  92|0x000000070da00000, 0x000000070da00000, 0x000000070dc00000|  0%| F|  |TAMS 0x000000070da00000, 0x000000070da00000| Untracked 
|  93|0x000000070dc00000, 0x000000070dc00000, 0x000000070de00000|  0%| F|  |TAMS 0x000000070dc00000, 0x000000070dc00000| Untracked 
|  94|0x000000070de00000, 0x000000070de00000, 0x000000070e000000|  0%| F|  |TAMS 0x000000070de00000, 0x000000070de00000| Untracked 
|  95|0x000000070e000000, 0x000000070e000000, 0x000000070e200000|  0%| F|  |TAMS 0x000000070e000000, 0x000000070e000000| Untracked 
|  96|0x000000070e200000, 0x000000070e200000, 0x000000070e400000|  0%| F|  |TAMS 0x000000070e200000, 0x000000070e200000| Untracked 
|  97|0x000000070e400000, 0x000000070e400000, 0x000000070e600000|  0%| F|  |TAMS 0x000000070e400000, 0x000000070e400000| Untracked 
|  98|0x000000070e600000, 0x000000070e600000, 0x000000070e800000|  0%| F|  |TAMS 0x000000070e600000, 0x000000070e600000| Untracked 
|  99|0x000000070e800000, 0x000000070e800000, 0x000000070ea00000|  0%| F|  |TAMS 0x000000070e800000, 0x000000070e800000| Untracked 
| 100|0x000000070ea00000, 0x000000070ea00000, 0x000000070ec00000|  0%| F|  |TAMS 0x000000070ea00000, 0x000000070ea00000| Untracked 
| 101|0x000000070ec00000, 0x000000070ec00000, 0x000000070ee00000|  0%| F|  |TAMS 0x000000070ec00000, 0x000000070ec00000| Untracked 
| 102|0x000000070ee00000, 0x000000070ee00000, 0x000000070f000000|  0%| F|  |TAMS 0x000000070ee00000, 0x000000070ee00000| Untracked 
| 103|0x000000070f000000, 0x000000070f000000, 0x000000070f200000|  0%| F|  |TAMS 0x000000070f000000, 0x000000070f000000| Untracked 
| 104|0x000000070f200000, 0x000000070f200000, 0x000000070f400000|  0%| F|  |TAMS 0x000000070f200000, 0x000000070f200000| Untracked 
| 105|0x000000070f400000, 0x000000070f400000, 0x000000070f600000|  0%| F|  |TAMS 0x000000070f400000, 0x000000070f400000| Untracked 
| 106|0x000000070f600000, 0x000000070f600000, 0x000000070f800000|  0%| F|  |TAMS 0x000000070f600000, 0x000000070f600000| Untracked 
| 107|0x000000070f800000, 0x000000070f800000, 0x000000070fa00000|  0%| F|  |TAMS 0x000000070f800000, 0x000000070f800000| Untracked 
| 108|0x000000070fa00000, 0x000000070fa2f960, 0x000000070fc00000|  9%| S|CS|TAMS 0x000000070fa00000, 0x000000070fa00000| Complete 
| 109|0x000000070fc00000, 0x000000070fe00000, 0x000000070fe00000|100%| S|CS|TAMS 0x000000070fc00000, 0x000000070fc00000| Complete 
| 110|0x000000070fe00000, 0x000000070fe00000, 0x0000000710000000|  0%| F|  |TAMS 0x000000070fe00000, 0x000000070fe00000| Untracked 
| 111|0x0000000710000000, 0x0000000710000000, 0x0000000710200000|  0%| F|  |TAMS 0x0000000710000000, 0x0000000710000000| Untracked 
| 112|0x0000000710200000, 0x0000000710200000, 0x0000000710400000|  0%| F|  |TAMS 0x0000000710200000, 0x0000000710200000| Untracked 
| 113|0x0000000710400000, 0x0000000710400000, 0x0000000710600000|  0%| F|  |TAMS 0x0000000710400000, 0x0000000710400000| Untracked 
| 114|0x0000000710600000, 0x0000000710600000, 0x0000000710800000|  0%| F|  |TAMS 0x0000000710600000, 0x0000000710600000| Untracked 
| 115|0x0000000710800000, 0x0000000710800000, 0x0000000710a00000|  0%| F|  |TAMS 0x0000000710800000, 0x0000000710800000| Untracked 
| 116|0x0000000710a00000, 0x0000000710a00000, 0x0000000710c00000|  0%| F|  |TAMS 0x0000000710a00000, 0x0000000710a00000| Untracked 
| 117|0x0000000710c00000, 0x0000000710c00000, 0x0000000710e00000|  0%| F|  |TAMS 0x0000000710c00000, 0x0000000710c00000| Untracked 
| 118|0x0000000710e00000, 0x0000000710e00000, 0x0000000711000000|  0%| F|  |TAMS 0x0000000710e00000, 0x0000000710e00000| Untracked 
| 119|0x0000000711000000, 0x0000000711000000, 0x0000000711200000|  0%| F|  |TAMS 0x0000000711000000, 0x0000000711000000| Untracked 
| 120|0x0000000711200000, 0x0000000711200000, 0x0000000711400000|  0%| F|  |TAMS 0x0000000711200000, 0x0000000711200000| Untracked 
| 121|0x0000000711400000, 0x0000000711400000, 0x0000000711600000|  0%| F|  |TAMS 0x0000000711400000, 0x0000000711400000| Untracked 
| 122|0x0000000711600000, 0x0000000711700800, 0x0000000711800000| 50%| E|  |TAMS 0x0000000711600000, 0x0000000711600000| Complete 
| 123|0x0000000711800000, 0x0000000711a00000, 0x0000000711a00000|100%| E|CS|TAMS 0x0000000711800000, 0x0000000711800000| Complete 
| 124|0x0000000711a00000, 0x0000000711c00000, 0x0000000711c00000|100%| E|CS|TAMS 0x0000000711a00000, 0x0000000711a00000| Complete 
| 125|0x0000000711c00000, 0x0000000711e00000, 0x0000000711e00000|100%| E|CS|TAMS 0x0000000711c00000, 0x0000000711c00000| Complete 
| 126|0x0000000711e00000, 0x0000000712000000, 0x0000000712000000|100%| E|CS|TAMS 0x0000000711e00000, 0x0000000711e00000| Complete 

Card table byte_map: [0x0000019520d20000,0x0000019521510000] _byte_map_base: 0x000001951d50f000

Marking Bits (Prev, Next): (CMBitMap*) 0x000001950978fc10, (CMBitMap*) 0x000001950978fc50
 Prev Bits: [0x0000019521d00000, 0x0000019525c78000)
 Next Bits: [0x0000019525c80000, 0x0000019529bf8000)

Polling page: 0x0000019507660000

Metaspace:

Usage:
  Non-class:     10.07 MB used.
      Class:      1.38 MB used.
       Both:     11.44 MB used.

Virtual space:
  Non-class space:       64.00 MB reserved,      10.12 MB ( 16%) committed,  1 nodes.
      Class space:        1.00 GB reserved,       1.50 MB ( <1%) committed,  1 nodes.
             Both:        1.06 GB reserved,      11.62 MB (  1%) committed. 

Chunk freelists:
   Non-Class:  4.31 MB
       Class:  14.56 MB
        Both:  18.87 MB

MaxMetaspaceSize: unlimited
CompressedClassSpaceSize: 1.00 GB
Initial GC threshold: 21.00 MB
Current GC threshold: 21.00 MB
CDS: on
MetaspaceReclaimPolicy: balanced
 - commit_granule_bytes: 65536.
 - commit_granule_words: 8192.
 - virtual_space_node_default_size: 8388608.
 - enlarge_chunks_in_place: 1.
 - new_chunks_are_fully_committed: 0.
 - uncommit_free_chunks: 1.
 - use_allocation_guard: 0.
 - handle_deallocations: 1.


Internal statistics:

num_allocs_failed_limit: 0.
num_arena_births: 54.
num_arena_deaths: 0.
num_vsnodes_births: 2.
num_vsnodes_deaths: 0.
num_space_committed: 186.
num_space_uncommitted: 0.
num_chunks_returned_to_freelist: 0.
num_chunks_taken_from_freelist: 448.
num_chunk_merges: 0.
num_chunk_splits: 337.
num_chunks_enlarged: 271.
num_inconsistent_stats: 0.

CodeHeap 'non-profiled nmethods': size=120000Kb used=753Kb max_used=753Kb free=119246Kb
 bounds [0x0000019518ab0000, 0x0000019518d20000, 0x000001951ffe0000]
CodeHeap 'profiled nmethods': size=120000Kb used=4145Kb max_used=4145Kb free=115854Kb
 bounds [0x0000019510fe0000, 0x00000195113f0000, 0x0000019518510000]
CodeHeap 'non-nmethods': size=5760Kb used=1174Kb max_used=1199Kb free=4585Kb
 bounds [0x0000019518510000, 0x0000019518780000, 0x0000019518ab0000]
 total_blobs=2540 nmethods=2087 adapters=365
 compilation: enabled
              stopped_count=0, restarted_count=0
 full_count=0

Compilation events (20 events):
Event: 0.810 Thread 0x0000019572036920 nmethod 2035 0x0000019518b65b10 code [0x0000019518b65c80, 0x0000019518b65cf8]
Event: 0.811 Thread 0x000001952c9e5380 2036       3       java.lang.String::replace (42 bytes)
Event: 0.811 Thread 0x000001952c9e5380 nmethod 2036 0x00000195113ca890 code [0x00000195113caa60, 0x00000195113cad98]
Event: 0.813 Thread 0x000001952c9e5380 2037       3       java.lang.Short::<init> (10 bytes)
Event: 0.813 Thread 0x000001952c9e5380 nmethod 2037 0x00000195113cae90 code [0x00000195113cb040, 0x00000195113cb218]
Event: 0.813 Thread 0x000001952c9e5380 2038       3       java.lang.Byte::<init> (10 bytes)
Event: 0.813 Thread 0x000001952c9e5380 nmethod 2038 0x00000195113cb310 code [0x00000195113cb4c0, 0x00000195113cb698]
Event: 0.813 Thread 0x000001952c9e5380 2039       3       org.eclipse.sisu.inject.Implementations::getAnnotation (94 bytes)
Event: 0.814 Thread 0x000001952c9e5380 nmethod 2039 0x00000195113cb790 code [0x00000195113cb9e0, 0x00000195113cc4d8]
Event: 0.814 Thread 0x000001952c9e5380 2040       3       com.google.inject.internal.InjectorImpl::getProviderOrThrow (44 bytes)
Event: 0.814 Thread 0x000001952c9e5380 nmethod 2040 0x00000195113cc810 code [0x00000195113cc9e0, 0x00000195113ccf68]
Event: 0.814 Thread 0x000001952c9e5380 2041       3       com.google.inject.internal.InjectorImpl$1::<init> (26 bytes)
Event: 0.814 Thread 0x000001952c9e5380 nmethod 2041 0x00000195113cd110 code [0x00000195113cd2c0, 0x00000195113cd5b8]
Event: 0.814 Thread 0x000001952c9e5380 2042       3       org.eclipse.sisu.bean.BeanPropertyField::getType (11 bytes)
Event: 0.815 Thread 0x000001952c9e5380 nmethod 2042 0x00000195113cd690 code [0x00000195113cd9a0, 0x00000195113cef88]
Event: 0.817 Thread 0x000001952c9e5380 2043       1       java.lang.reflect.AccessibleObject::isAccessible (5 bytes)
Event: 0.817 Thread 0x000001952c9e5380 nmethod 2043 0x0000019518b65e10 code [0x0000019518b65fa0, 0x0000019518b66078]
Event: 0.818 Thread 0x000001952c9e5380 2044       3       java.util.regex.Pattern$BmpCharProperty::match (55 bytes)
Event: 0.819 Thread 0x000001952c9e5380 nmethod 2044 0x00000195113cf690 code [0x00000195113cf860, 0x00000195113cfd08]
Event: 0.819 Thread 0x000001952c9e5380 2046       3       java.util.regex.Pattern$CharPropertyGreedy::match (160 bytes)

GC Heap History (4 events):
Event: 0.327 GC heap before
{Heap before GC invocations=0 (full 0):
 garbage-first heap   total 260096K, used 22528K [0x0000000702200000, 0x0000000800000000)
  region size 2048K, 11 young (22528K), 0 survivors (0K)
 Metaspace       used 4719K, committed 4864K, reserved 1114112K
  class space    used 554K, committed 640K, reserved 1048576K
}
Event: 0.330 GC heap after
{Heap after GC invocations=1 (full 0):
 garbage-first heap   total 260096K, used 3594K [0x0000000702200000, 0x0000000800000000)
  region size 2048K, 2 young (4096K), 2 survivors (4096K)
 Metaspace       used 4719K, committed 4864K, reserved 1114112K
  class space    used 554K, committed 640K, reserved 1048576K
}
Event: 0.686 GC heap before
{Heap before GC invocations=1 (full 0):
 garbage-first heap   total 260096K, used 34314K [0x0000000702200000, 0x0000000800000000)
  region size 2048K, 17 young (34816K), 2 survivors (4096K)
 Metaspace       used 9706K, committed 9856K, reserved 1114112K
  class space    used 1207K, committed 1280K, reserved 1048576K
}
Event: 0.689 GC heap after
{Heap after GC invocations=2 (full 0):
 garbage-first heap   total 260096K, used 5547K [0x0000000702200000, 0x0000000800000000)
  region size 2048K, 2 young (4096K), 2 survivors (4096K)
 Metaspace       used 9706K, committed 9856K, reserved 1114112K
  class space    used 1207K, committed 1280K, reserved 1048576K
}

Deoptimization events (20 events):
Event: 0.798 Thread 0x00000195097268e0 Uncommon trap: trap_request=0xffffffc6 fr.pc=0x0000019518b05d00 relative=0x0000000000000340
Event: 0.798 Thread 0x00000195097268e0 Uncommon trap: reason=bimorphic_or_optimized_type_check action=maybe_recompile pc=0x0000019518b05d00 method=java.nio.Buffer.<init>(IIIILjdk/internal/access/foreign/MemorySegmentProxy;)V @ 39 c2
Event: 0.798 Thread 0x00000195097268e0 DEOPT PACKING pc=0x0000019518b05d00 sp=0x00000001006fca00
Event: 0.798 Thread 0x00000195097268e0 DEOPT UNPACKING pc=0x0000019518565ba3 sp=0x00000001006fc9a8 mode 2
Event: 0.809 Thread 0x00000195097268e0 Uncommon trap: trap_request=0xffffff45 fr.pc=0x0000019518b1a718 relative=0x00000000000005f8
Event: 0.809 Thread 0x00000195097268e0 Uncommon trap: reason=unstable_if action=reinterpret pc=0x0000019518b1a718 method=java.lang.String.replace(CC)Ljava/lang/String; @ 2 c2
Event: 0.809 Thread 0x00000195097268e0 DEOPT PACKING pc=0x0000019518b1a718 sp=0x00000001006fda70
Event: 0.809 Thread 0x00000195097268e0 DEOPT UNPACKING pc=0x0000019518565ba3 sp=0x00000001006fda20 mode 2
Event: 0.809 Thread 0x00000195097268e0 Uncommon trap: trap_request=0xffffff45 fr.pc=0x0000019518b6326c relative=0x00000000000002cc
Event: 0.809 Thread 0x00000195097268e0 Uncommon trap: reason=unstable_if action=reinterpret pc=0x0000019518b6326c method=java.lang.String.indexOf([BBILjava/lang/String;I)I @ 21 c2
Event: 0.809 Thread 0x00000195097268e0 DEOPT PACKING pc=0x0000019518b6326c sp=0x00000001006fd910
Event: 0.809 Thread 0x00000195097268e0 DEOPT UNPACKING pc=0x0000019518565ba3 sp=0x00000001006fd820 mode 2
Event: 0.809 Thread 0x00000195097268e0 Uncommon trap: trap_request=0xffffff45 fr.pc=0x0000019518b62530 relative=0x0000000000000290
Event: 0.809 Thread 0x00000195097268e0 Uncommon trap: reason=unstable_if action=reinterpret pc=0x0000019518b62530 method=java.lang.String.indexOf([BBILjava/lang/String;I)I @ 21 c2
Event: 0.809 Thread 0x00000195097268e0 DEOPT PACKING pc=0x0000019518b62530 sp=0x00000001006fdae0
Event: 0.809 Thread 0x00000195097268e0 DEOPT UNPACKING pc=0x0000019518565ba3 sp=0x00000001006fda70 mode 2
Event: 0.817 Thread 0x00000195097268e0 Uncommon trap: trap_request=0xffffffc6 fr.pc=0x0000019518b272c0 relative=0x0000000000000a40
Event: 0.817 Thread 0x00000195097268e0 Uncommon trap: reason=bimorphic_or_optimized_type_check action=maybe_recompile pc=0x0000019518b272c0 method=java.util.HashMap.putVal(ILjava/lang/Object;Ljava/lang/Object;ZZ)Ljava/lang/Object; @ 203 c2
Event: 0.817 Thread 0x00000195097268e0 DEOPT PACKING pc=0x0000019518b272c0 sp=0x00000001006fbca0
Event: 0.817 Thread 0x00000195097268e0 DEOPT UNPACKING pc=0x0000019518565ba3 sp=0x00000001006fbc40 mode 2

Classes unloaded (0 events):
No events

Classes redefined (0 events):
No events

Internal exceptions (13 events):
Event: 0.086 Thread 0x00000195097268e0 Exception <a 'java/lang/NullPointerException'{0x0000000711dce930}> (0x0000000711dce930) 
thrown [s\open\src\hotspot\share\interpreter\linkResolver.cpp, line 1350]
Event: 0.095 Thread 0x00000195097268e0 Exception <a 'java/lang/NullPointerException'{0x0000000711a169b0}> (0x0000000711a169b0) 
thrown [s\open\src\hotspot\share\interpreter\linkResolver.cpp, line 1350]
Event: 0.095 Thread 0x00000195097268e0 Exception <a 'java/lang/NullPointerException'{0x0000000711a16c88}> (0x0000000711a16c88) 
thrown [s\open\src\hotspot\share\interpreter\linkResolver.cpp, line 1350]
Event: 0.095 Thread 0x00000195097268e0 Exception <a 'java/lang/NullPointerException'{0x0000000711a16f60}> (0x0000000711a16f60) 
thrown [s\open\src\hotspot\share\interpreter\linkResolver.cpp, line 1350]
Event: 0.096 Thread 0x00000195097268e0 Exception <a 'java/lang/NullPointerException'{0x0000000711a1c728}> (0x0000000711a1c728) 
thrown [s\open\src\hotspot\share\interpreter\linkResolver.cpp, line 1350]
Event: 0.097 Thread 0x00000195097268e0 Exception <a 'java/lang/NullPointerException'{0x0000000711a31938}> (0x0000000711a31938) 
thrown [s\open\src\hotspot\share\interpreter\linkResolver.cpp, line 1350]
Event: 0.097 Thread 0x00000195097268e0 Exception <a 'java/lang/NullPointerException'{0x0000000711a31c10}> (0x0000000711a31c10) 
thrown [s\open\src\hotspot\share\interpreter\linkResolver.cpp, line 1350]
Event: 0.097 Thread 0x00000195097268e0 Exception <a 'java/lang/NullPointerException'{0x0000000711a31ee8}> (0x0000000711a31ee8) 
thrown [s\open\src\hotspot\share\interpreter\linkResolver.cpp, line 1350]
Event: 0.097 Thread 0x00000195097268e0 Exception <a 'java/lang/NullPointerException'{0x0000000711a321c0}> (0x0000000711a321c0) 
thrown [s\open\src\hotspot\share\interpreter\linkResolver.cpp, line 1350]
Event: 0.263 Thread 0x00000195097268e0 Exception <a 'java/lang/NoSuchMethodError'{0x0000000711036ca0}: 'java.lang.Object java.lang.invoke.DirectMethodHandle$Holder.newInvokeSpecial(java.lang.Object, java.lang.Object, java.lang.Object, java.lang.Object, java.lang.Object)'> (0x0000000711036ca0) 
thrown [s\open\src\hotspot\share\interpreter\linkResolver.cpp, line 759]
Event: 0.285 Thread 0x00000195097268e0 Exception <a 'java/lang/NoClassDefFoundError'{0x0000000711199468}: javax/enterprise/inject/Typed> (0x0000000711199468) 
thrown [s\open\src\hotspot\share\classfile\systemDictionary.cpp, line 245]
Event: 0.681 Thread 0x00000195097268e0 Exception <a 'java/lang/NoClassDefFoundError'{0x000000070ffb57b0}: com/google/inject/servlet/ServletModuleTargetVisitor> (0x000000070ffb57b0) 
thrown [s\open\src\hotspot\share\classfile\systemDictionary.cpp, line 245]
Event: 0.721 Thread 0x00000195097268e0 Exception <a 'java/lang/NoSuchMethodError'{0x0000000711c009f0}: 'java.lang.Object java.lang.invoke.DirectMethodHandle$Holder.invokeStaticInit(java.lang.Object, int, int, int, int)'> (0x0000000711c009f0) 
thrown [s\open\src\hotspot\share\interpreter\linkResolver.cpp, line 759]

VM Operations (20 events):
Event: 0.506 Executing VM operation: HandshakeAllThreads
Event: 0.506 Executing VM operation: HandshakeAllThreads done
Event: 0.542 Executing VM operation: HandshakeAllThreads
Event: 0.542 Executing VM operation: HandshakeAllThreads done
Event: 0.600 Executing VM operation: ICBufferFull
Event: 0.600 Executing VM operation: ICBufferFull done
Event: 0.624 Executing VM operation: HandshakeAllThreads
Event: 0.624 Executing VM operation: HandshakeAllThreads done
Event: 0.625 Executing VM operation: HandshakeAllThreads
Event: 0.625 Executing VM operation: HandshakeAllThreads done
Event: 0.670 Executing VM operation: HandshakeAllThreads
Event: 0.670 Executing VM operation: HandshakeAllThreads done
Event: 0.686 Executing VM operation: G1CollectForAllocation
Event: 0.689 Executing VM operation: G1CollectForAllocation done
Event: 0.714 Executing VM operation: HandshakeAllThreads
Event: 0.714 Executing VM operation: HandshakeAllThreads done
Event: 0.730 Executing VM operation: HandshakeAllThreads
Event: 0.730 Executing VM operation: HandshakeAllThreads done
Event: 0.771 Executing VM operation: HandshakeAllThreads
Event: 0.772 Executing VM operation: HandshakeAllThreads done

Events (20 events):
Event: 0.771 loading class sun/net/www/protocol/https/Handler
Event: 0.771 loading class sun/net/www/protocol/http/Handler
Event: 0.771 loading class sun/net/www/protocol/http/Handler done
Event: 0.771 loading class sun/net/www/protocol/https/Handler done
Event: 0.773 loading class java/util/regex/Pattern$Pos
Event: 0.773 loading class java/util/regex/Pattern$Pos done
Event: 0.774 loading class java/util/ArrayList$SubList$1
Event: 0.774 loading class java/util/ArrayList$SubList$1 done
Event: 0.795 loading class sun/util/resources/LocaleData$CommonResourceBundleProvider
Event: 0.795 loading class sun/util/resources/LocaleData$LocaleDataResourceBundleProvider
Event: 0.796 loading class java/util/spi/ResourceBundleProvider
Event: 0.796 loading class java/util/spi/ResourceBundleProvider done
Event: 0.796 loading class sun/util/resources/LocaleData$LocaleDataResourceBundleProvider done
Event: 0.796 loading class sun/util/resources/LocaleData$CommonResourceBundleProvider done
Event: 0.796 loading class sun/util/resources/Bundles$2
Event: 0.796 loading class sun/util/resources/Bundles$2 done
Event: 0.813 loading class java/lang/Short$ShortCache
Event: 0.813 loading class java/lang/Short$ShortCache done
Event: 0.813 loading class java/lang/Byte$ByteCache
Event: 0.813 loading class java/lang/Byte$ByteCache done


Dynamic libraries:
0x00007ff695200000 - 0x00007ff695210000 	C:\Program Files\Java\jdk-17.0.11\bin\java.exe
0x00007fff2d750000 - 0x00007fff2d967000 	C:\Windows\SYSTEM32\ntdll.dll
0x00007fff2bec0000 - 0x00007fff2bf84000 	C:\Windows\System32\KERNEL32.DLL
0x00007fff2b0d0000 - 0x00007fff2b47d000 	C:\Windows\System32\KERNELBASE.dll
0x00007fff2ab80000 - 0x00007fff2ac91000 	C:\Windows\System32\ucrtbase.dll
0x00007fff032e0000 - 0x00007fff032fb000 	C:\Program Files\Java\jdk-17.0.11\bin\VCRUNTIME140.dll
0x00007fff044a0000 - 0x00007fff044b9000 	C:\Program Files\Java\jdk-17.0.11\bin\jli.dll
0x00007fff2c940000 - 0x00007fff2c9f2000 	C:\Windows\System32\ADVAPI32.dll
0x00007fff2b530000 - 0x00007fff2b5d7000 	C:\Windows\System32\msvcrt.dll
0x00007fff2bfe0000 - 0x00007fff2c089000 	C:\Windows\System32\sechost.dll
0x00007fff2aeb0000 - 0x00007fff2aed8000 	C:\Windows\System32\bcrypt.dll
0x00007fff2cbb0000 - 0x00007fff2ccc4000 	C:\Windows\System32\RPCRT4.dll
0x00007fff2d560000 - 0x00007fff2d70e000 	C:\Windows\System32\USER32.dll
0x00007fff2ae80000 - 0x00007fff2aea6000 	C:\Windows\System32\win32u.dll
0x00007fff1b140000 - 0x00007fff1b3d3000 	C:\Windows\WinSxS\amd64_microsoft.windows.common-controls_6595b64144ccf1df_6.0.22621.3672_none_2713b9d173822955\COMCTL32.dll
0x00007fff2bdf0000 - 0x00007fff2be19000 	C:\Windows\System32\GDI32.dll
0x00007fff2aca0000 - 0x00007fff2adb9000 	C:\Windows\System32\gdi32full.dll
0x00007fff2aa70000 - 0x00007fff2ab0a000 	C:\Windows\System32\msvcp_win.dll
0x00007fff211e0000 - 0x00007fff211ea000 	C:\Windows\SYSTEM32\VERSION.dll
0x00007fff2ba60000 - 0x00007fff2ba91000 	C:\Windows\System32\IMM32.DLL
0x00007fff09000000 - 0x00007fff0900c000 	C:\Program Files\Java\jdk-17.0.11\bin\vcruntime140_1.dll
0x00007ffefff80000 - 0x00007fff0000e000 	C:\Program Files\Java\jdk-17.0.11\bin\msvcp140.dll
0x00007ffed64b0000 - 0x00007ffed7090000 	C:\Program Files\Java\jdk-17.0.11\bin\server\jvm.dll
0x00007fff2c920000 - 0x00007fff2c928000 	C:\Windows\System32\PSAPI.DLL
0x00007fff208d0000 - 0x00007fff208d9000 	C:\Windows\SYSTEM32\WSOCK32.dll
0x00007fff22440000 - 0x00007fff22474000 	C:\Windows\SYSTEM32\WINMM.dll
0x00007fff2be40000 - 0x00007fff2beb1000 	C:\Windows\System32\WS2_32.dll
0x00007fff29b50000 - 0x00007fff29b68000 	C:\Windows\SYSTEM32\kernel.appcore.dll
0x00007fff045d0000 - 0x00007fff045da000 	C:\Program Files\Java\jdk-17.0.11\bin\jimage.dll
0x00007fff1fa60000 - 0x00007fff1fc92000 	C:\Windows\SYSTEM32\DBGHELP.DLL
0x00007fff2cd90000 - 0x00007fff2d11d000 	C:\Windows\System32\combase.dll
0x00007fff2d480000 - 0x00007fff2d557000 	C:\Windows\System32\OLEAUT32.dll
0x00007fff11d80000 - 0x00007fff11db2000 	C:\Windows\SYSTEM32\dbgcore.DLL
0x00007fff2aee0000 - 0x00007fff2af5b000 	C:\Windows\System32\bcryptPrimitives.dll
0x00007fff01550000 - 0x00007fff01575000 	C:\Program Files\Java\jdk-17.0.11\bin\java.dll
0x00007ffed7b30000 - 0x00007ffed7c07000 	C:\Program Files\Java\jdk-17.0.11\bin\jsvml.dll
0x00007fff2c090000 - 0x00007fff2c8f8000 	C:\Windows\System32\SHELL32.dll
0x00007fff28980000 - 0x00007fff2927e000 	C:\Windows\SYSTEM32\windows.storage.dll
0x00007fff28840000 - 0x00007fff2897f000 	C:\Windows\SYSTEM32\wintypes.dll
0x00007fff2d120000 - 0x00007fff2d219000 	C:\Windows\System32\SHCORE.dll
0x00007fff2ccd0000 - 0x00007fff2cd2e000 	C:\Windows\System32\shlwapi.dll
0x00007fff2a9a0000 - 0x00007fff2a9c1000 	C:\Windows\SYSTEM32\profapi.dll
0x00007fff01530000 - 0x00007fff01549000 	C:\Program Files\Java\jdk-17.0.11\bin\net.dll
0x00007fff238f0000 - 0x00007fff23a26000 	C:\Windows\SYSTEM32\WINHTTP.dll
0x00007fff29fb0000 - 0x00007fff2a019000 	C:\Windows\system32\mswsock.dll
0x00007fff01510000 - 0x00007fff01526000 	C:\Program Files\Java\jdk-17.0.11\bin\nio.dll
0x00007fff014f0000 - 0x00007fff01508000 	C:\Program Files\Java\jdk-17.0.11\bin\zip.dll
0x0000000069ac0000 - 0x0000000069ae4000 	D:\PROYECTO PRUEBAS\apache-maven-3.8.8\lib\jansi-native\Windows\x86_64\jansi.dll
0x00007fff23710000 - 0x00007fff23720000 	C:\Program Files\Java\jdk-17.0.11\bin\verify.dll

dbghelp: loaded successfully - version: 4.0.5 - missing functions: none
symbol engine: initialized successfully - sym options: 0x614 - pdb path: .;C:\Program Files\Java\jdk-17.0.11\bin;C:\Windows\SYSTEM32;C:\Windows\WinSxS\amd64_microsoft.windows.common-controls_6595b64144ccf1df_6.0.22621.3672_none_2713b9d173822955;C:\Program Files\Java\jdk-17.0.11\bin\server;D:\PROYECTO PRUEBAS\apache-maven-3.8.8\lib\jansi-native\Windows\x86_64

VM Arguments:
jvm_args: -Dclassworlds.conf=D:\PROYECTO PRUEBAS\apache-maven-3.8.8\bin\m2.conf -Dmaven.home=D:\PROYECTO PRUEBAS\apache-maven-3.8.8 -Dlibrary.jansi.path=D:\PROYECTO PRUEBAS\apache-maven-3.8.8\lib\jansi-native -Dmaven.multiModuleProjectDirectory=C:\Users\caste\Documents\NetBeansProjects\ProyectoClaseUMG 
java_command: org.codehaus.plexus.classworlds.launcher.Launcher -Dnetbeans.deploy=true -Dexec.vmArgs= -Dexec.appArgs= -Dmaven.ext.class.path=D:\PROYECTO PRUEBAS\NetBeans-19\netbeans\java\maven-nblib\netbeans-eventspy.jar -Dfile.encoding=UTF-8 --no-transfer-progress package
java_class_path (initial): D:\PROYECTO PRUEBAS\apache-maven-3.8.8\boot\plexus-classworlds-2.6.0.jar
Launcher Type: SUN_STANDARD

[Global flags]
     intx CICompilerCount                          = 4                                         {product} {ergonomic}
     uint ConcGCThreads                            = 3                                         {product} {ergonomic}
     uint G1ConcRefinementThreads                  = 10                                        {product} {ergonomic}
   size_t G1HeapRegionSize                         = 2097152                                   {product} {ergonomic}
    uintx GCDrainStackTargetSize                   = 64                                        {product} {ergonomic}
   size_t InitialHeapSize                          = 266338304                                 {product} {ergonomic}
   size_t MarkStackSize                            = 4194304                                   {product} {ergonomic}
   size_t MaxHeapSize                              = 4259315712                                {product} {ergonomic}
   size_t MaxNewSize                               = 2554331136                                {product} {ergonomic}
   size_t MinHeapDeltaBytes                        = 2097152                                   {product} {ergonomic}
   size_t MinHeapSize                              = 8388608                                   {product} {ergonomic}
    uintx NonNMethodCodeHeapSize                   = 5839372                                {pd product} {ergonomic}
    uintx NonProfiledCodeHeapSize                  = 122909434                              {pd product} {ergonomic}
    uintx ProfiledCodeHeapSize                     = 122909434                              {pd product} {ergonomic}
    uintx ReservedCodeCacheSize                    = 251658240                              {pd product} {ergonomic}
     bool SegmentedCodeCache                       = true                                      {product} {ergonomic}
   size_t SoftMaxHeapSize                          = 4259315712                             {manageable} {ergonomic}
     bool UseCompressedClassPointers               = true                           {product lp64_product} {ergonomic}
     bool UseCompressedOops                        = true                           {product lp64_product} {ergonomic}
     bool UseG1GC                                  = true                                      {product} {ergonomic}
     bool UseLargePagesIndividualAllocation        = false                                  {pd product} {ergonomic}

Logging:
Log output configuration:
 #0: stdout all=warning uptime,level,tags
 #1: stderr all=off uptime,level,tags

Environment Variables:
JAVA_HOME=C:\Program Files\Java\jdk-17.0.11
PATH=C:\Program Files\Oracle Client for Microsoft Tools\;D:\app\Juan\product\12.2.0\client_1;D:\app\Juan\product\12.2.0\client_1\bin;D:\OracleXE\dbhomeXE\bin;C:\Program Files\Common Files\Oracle\Java\javapath;C:\Program Files (x86)\Common Files\Oracle\Java\javapath;C:\Windows\system32;C:\Windows;C:\Windows\System32\Wbem;C:\Windows\System32\WindowsPowerShell\v1.0\;C:\Windows\System32\OpenSSH\;C:\Program Files (x86)\NVIDIA Corporation\PhysX\Common;C:\Program Files\Java\jdk-19\bin;C:\Program Files\dotnet\;C:\Program Files\nodejs\;D:\PROYECTO PRUEBAS\apache-maven-3.8.8\bin;C:\Users\caste\AppData\Local\Microsoft\WindowsApps;C:\Program Files\JetBrains\IntelliJ IDEA 2023.2\bin;;D:\Program\Microsoft VS Code\bin;C:\Users\caste\AppData\Roaming\npm;C:\Program Files\nodejs\;
USERNAME=caste
OS=Windows_NT
PROCESSOR_IDENTIFIER=Intel64 Family 6 Model 167 Stepping 1, GenuineIntel



---------------  S Y S T E M  ---------------

OS:
 Windows 11 , 64 bit Build 22621 (10.0.22621.3958)
OS uptime: 0 days 0:57 hours
Hyper-V role detected

CPU: total 12 (initial active 12) (6 cores per cpu, 2 threads per core) family 6 model 167 stepping 1 microcode 0x54, cx8, cmov, fxsr, ht, mmx, 3dnowpref, sse, sse2, sse3, ssse3, sse4.1, sse4.2, popcnt, lzcnt, tsc, tscinvbit, avx, avx2, aes, erms, clmul, bmi1, bmi2, adx, avx512f, avx512dq, avx512cd, avx512bw, avx512vl, sha, fma, vzeroupper, avx512_vpopcntdq, avx512_vpclmulqdq, avx512_vaes, avx512_vnni, clflush, clflushopt, avx512_vbmi2, avx512_vbmi, hv

Memory: 4k page, system-wide physical 16247M (9167M free)
TotalPageFile size 32631M (AvailPageFile size 22478M)
current process WorkingSet (physical memory assigned to process): 117M, peak: 118M
current process commit charge ("private bytes"): 384M, peak: 385M

vm_info: Java HotSpot(TM) 64-Bit Server VM (17.0.11+7-LTS-207) for windows-amd64 JRE (17.0.11+7-LTS-207), built on Mar 11 2024 19:01:50 by "mach5one" with MS VC++ 17.6 (VS2022)

END.
