#
# A fatal error has been detected by the Java Runtime Environment:
#
#  EXCEPTION_ACCESS_VIOLATION (0xc0000005) at pc=0x00007ffbe4ec5f84, pid=16168, tid=10576
#
# JRE version: Java(TM) SE Runtime Environment (17.0.11+7) (build 17.0.11+7-LTS-207)
# Java VM: Java HotSpot(TM) 64-Bit Server VM (17.0.11+7-LTS-207, mixed mode, sharing, tiered, compressed oops, compressed class ptrs, g1 gc, windows-amd64)
# Problematic frame:
# V  [jvm.dll+0x6c5f84]
#
# No core dump will be written. Minidumps are not enabled by default on client versions of Windows
#
# If you would like to submit a bug report, please visit:
#   https://bugreport.java.com/bugreport/crash.jsp
#

---------------  S U M M A R Y ------------

Command Line: -Dclassworlds.conf=D:\PROYECTO PRUEBAS\apache-maven-3.8.8\bin\m2.conf -Dmaven.home=D:\PROYECTO PRUEBAS\apache-maven-3.8.8 -Dlibrary.jansi.path=D:\PROYECTO PRUEBAS\apache-maven-3.8.8\lib\jansi-native -Dmaven.multiModuleProjectDirectory=C:\Users\caste\Documents\NetBeansProjects\ProyectoClaseUMG org.codehaus.plexus.classworlds.launcher.Launcher -Dnetbeans.deploy=true -Dexec.vmArgs= -Dexec.appArgs= -Dmaven.ext.class.path=D:\PROYECTO PRUEBAS\NetBeans-19\netbeans\java\maven-nblib\netbeans-eventspy.jar -Dfile.encoding=UTF-8 --no-transfer-progress package

Host: 11th Gen Intel(R) Core(TM) i5-11400F @ 2.60GHz, 12 cores, 15G,  Windows 11 , 64 bit Build 22621 (10.0.22621.3958)
Time: Tue Aug 20 20:06:30 2024 Hora estándar, América Central elapsed time: 1.122897 seconds (0d 0h 0m 1s)

---------------  T H R E A D  ---------------

Current thread (0x0000014727570480):  JavaThread "C2 CompilerThread1" daemon [_thread_in_native, id=10576, stack(0x00000002e3700000,0x00000002e3800000)]


Current CompileTask:
C2:   1122 2354       4       org.codehaus.plexus.configuration.DefaultPlexusConfiguration::getChild (47 bytes)

Stack: [0x00000002e3700000,0x00000002e3800000],  sp=0x00000002e37fba00,  free space=1006k
Native frames: (J=compiled Java code, j=interpreted, Vv=VM code, C=native code)
V  [jvm.dll+0x6c5f84]
V  [jvm.dll+0x1b9ed1]
V  [jvm.dll+0x216337]
V  [jvm.dll+0x21560f]
V  [jvm.dll+0x1a2040]
V  [jvm.dll+0x225a2b]
V  [jvm.dll+0x223bcb]
V  [jvm.dll+0x7903ec]
V  [jvm.dll+0x78a85a]
V  [jvm.dll+0x678bb5]
C  [ucrtbase.dll+0x29333]
C  [KERNEL32.DLL+0x1257d]
C  [ntdll.dll+0x5af28]


siginfo: EXCEPTION_ACCESS_VIOLATION (0xc0000005), reading address 0x0000000000000028


Registers:
RAX=0x00000002e37fc170, RBX=0x0000000000000001, RCX=0x000001472788ea58, RDX=0x0000000000000000
RSP=0x00000002e37fba00, RBP=0x00000002e37fbb00, RSI=0x000001472788e9a0, RDI=0x000001472788e9a0
R8 =0x0000000000000000, R9 =0x0000000000000000, R10=0x0000000000000001, R11=0x0000000000000000
R12=0x0000014728a4f8d0, R13=0x0000000000000001, R14=0x0000000000000002, R15=0x000001472788ea58
RIP=0x00007ffbe4ec5f84, EFLAGS=0x0000000000010202


Register to memory mapping:

RIP=0x00007ffbe4ec5f84 jvm.dll
RAX=0x00000002e37fc170 is pointing into the stack for thread: 0x0000014727570480
RBX=0x0000000000000001 is an unknown value
RCX=0x000001472788ea58 points into unknown readable memory: 0x00007ffbe50c1c30 | 30 1c 0c e5 fb 7f 00 00
RDX=0x0 is NULL
RSP=0x00000002e37fba00 is pointing into the stack for thread: 0x0000014727570480
RBP=0x00000002e37fbb00 is pointing into the stack for thread: 0x0000014727570480
RSI=0x000001472788e9a0 points into unknown readable memory: 0x00007ffbe508a370 | 70 a3 08 e5 fb 7f 00 00
RDI=0x000001472788e9a0 points into unknown readable memory: 0x00007ffbe508a370 | 70 a3 08 e5 fb 7f 00 00
R8 =0x0 is NULL
R9 =0x0 is NULL
R10=0x0000000000000001 is an unknown value
R11=0x0 is NULL
R12=0x0000014728a4f8d0 points into unknown readable memory: 0x0000000000000000 | 00 00 00 00 00 00 00 00
R13=0x0000000000000001 is an unknown value
R14=0x0000000000000002 is an unknown value
R15=0x000001472788ea58 points into unknown readable memory: 0x00007ffbe50c1c30 | 30 1c 0c e5 fb 7f 00 00


Top of Stack: (sp=0x00000002e37fba00)
0x00000002e37fba00:   00000002e37fc170 0000000000000007
0x00000002e37fba10:   00000002e37fbb00 00000002e37fbb00
0x00000002e37fba20:   00000147280bf200 00007ffb00000001
0x00000002e37fba30:   0000000000000fe1 ffffffffffffff01
0x00000002e37fba40:   0000014728a98c01 00000002e37fbb60
0x00000002e37fba50:   0000014700000000 00000002e37fbdc0
0x00000002e37fba60:   000001472788ea58 00007ffc00000001
0x00000002e37fba70:   000001472788e9a0 0000000000000001
0x00000002e37fba80:   0000000000000001 0000000200000001
0x00000002e37fba90:   0000000000000001 00000147284785d0
0x00000002e37fbaa0:   000003e100000000 0000014728a4f8d0
0x00000002e37fbab0:   00000147284785e0 000000000004a560
0x00000002e37fbac0:   00000fd300000000 0000014727160eb0
0x00000002e37fbad0:   00000002e37fbea0 0000014728a8d6d0
0x00000002e37fbae0:   0000014728476fd0 0000014727d404d0
0x00000002e37fbaf0:   0000000000000000 000001472788ea70 

Instructions: (pc=0x00007ffbe4ec5f84)
0x00007ffbe4ec5e84:   48 8b 45 98 48 89 44 24 28 8b 85 f8 01 00 00 89
0x00007ffbe4ec5e94:   44 24 20 0f 29 7d c0 f2 0f 11 75 d0 e8 7b 20 00
0x00007ffbe4ec5ea4:   00 89 85 f8 01 00 00 85 c0 0f 84 9b 16 00 00 8b
0x00007ffbe4ec5eb4:   5e 28 ff cb 3b 5e 18 73 0a 48 8b 46 20 48 8b 34
0x00007ffbe4ec5ec4:   d8 eb 02 33 f6 48 8b 06 48 8b ce ff 50 20 48 3b
0x00007ffbe4ec5ed4:   c6 74 08 48 8b 44 24 60 2b 58 48 48 8b 75 b8 3b
0x00007ffbe4ec5ee4:   df 8b 7d 8c 76 0b ff 85 08 02 00 00 ff c7 89 7d
0x00007ffbe4ec5ef4:   8c 41 c6 45 00 00 48 8b 4c 24 60 8b 45 80 41 ff
0x00007ffbe4ec5f04:   c4 49 83 c7 08 49 ff c5 44 89 65 88 4c 89 7d a8
0x00007ffbe4ec5f14:   4c 89 6c 24 78 44 3b e0 0f 82 ae fd ff ff 44 8b
0x00007ffbe4ec5f24:   45 84 48 8b 74 24 70 44 8b b5 08 02 00 00 48 8b
0x00007ffbe4ec5f34:   9d f0 01 00 00 44 3b 83 e0 00 00 00 0f 83 57 14
0x00007ffbe4ec5f44:   00 00 48 8b 43 70 44 8b 6e 30 45 8b c8 4d 69 e1
0x00007ffbe4ec5f54:   b0 00 00 00 4c 89 4d f0 4c 03 60 20 41 83 e5 01
0x00007ffbe4ec5f64:   4c 89 65 a8 44 89 6d 88 0f 84 c7 00 00 00 48 8b
0x00007ffbe4ec5f74:   46 08 41 8b dd 4a 8b 14 e8 48 8b 85 f0 01 00 00
0x00007ffbe4ec5f84:   48 63 4a 28 48 8b 80 08 01 00 00 44 3b 04 88 0f
0x00007ffbe4ec5f94:   85 99 00 00 00 48 8b ce e8 4f a0 fd ff 4c 8b 4e
0x00007ffbe4ec5fa4:   08 4b 8b 0c e9 48 85 c9 74 28 4c 8b 41 10 4d 85
0x00007ffbe4ec5fb4:   c0 74 1f 8b 41 20 49 8d 14 c0 66 90 48 39 72 f8
0x00007ffbe4ec5fc4:   48 8d 52 f8 75 f6 ff c8 89 41 20 49 8b 0c c0 48
0x00007ffbe4ec5fd4:   89 0a 8b 3d 9c 22 48 00 45 33 ed 65 48 8b 14 25
0x00007ffbe4ec5fe4:   58 00 00 00 b9 50 00 00 00 4d 89 2c d9 48 8b 04
0x00007ffbe4ec5ff4:   fa 44 38 2c 01 75 05 e8 0c 01 17 00 48 8b 5c 24
0x00007ffbe4ec6004:   60 41 8b d6 48 8d 4b 10 e8 ff 39 f9 ff ff 4b 28
0x00007ffbe4ec6014:   48 8d 53 18 ff 4b 70 41 ff ce ff 4b 78 48 8b cb
0x00007ffbe4ec6024:   41 ff c6 41 bc 01 00 00 00 e9 13 fb ff ff 48 8b
0x00007ffbe4ec6034:   9d f0 01 00 00 8b 46 2c 83 e0 7f 3c 4a 0f 84 9b
0x00007ffbe4ec6044:   02 00 00 48 8b 06 48 8b ce ff 90 88 00 00 00 48
0x00007ffbe4ec6054:   89 44 24 78 48 8b f8 48 85 c0 74 10 48 8b c8 e8
0x00007ffbe4ec6064:   38 30 ae ff 8b 4d 90 44 8b f8 eb 06 8b 4d 90 44
0x00007ffbe4ec6074:   8b f9 41 bd 01 00 00 00 44 89 7c 24 68 44 89 6d 


Stack slot to memory mapping:
stack at sp + 0 slots: 0x00000002e37fc170 is pointing into the stack for thread: 0x0000014727570480
stack at sp + 1 slots: 0x0000000000000007 is an unknown value
stack at sp + 2 slots: 0x00000002e37fbb00 is pointing into the stack for thread: 0x0000014727570480
stack at sp + 3 slots: 0x00000002e37fbb00 is pointing into the stack for thread: 0x0000014727570480
stack at sp + 4 slots: 0x00000147280bf200 points into unknown readable memory: 0x00007ffbe5067568 | 68 75 06 e5 fb 7f 00 00
stack at sp + 5 slots: 0x00007ffb00000001 is an unknown value
stack at sp + 6 slots: 0x0000000000000fe1 is an unknown value
stack at sp + 7 slots: 0xffffffffffffff01 is an unknown value


---------------  P R O C E S S  ---------------

Threads class SMR info:
_java_thread_list=0x000001472751fe50, length=14, elements={
0x00000146be4b26c0, 0x00000146e16563f0, 0x00000146e1656fb0, 0x00000146e166d4c0,
0x00000146e166fe90, 0x00000146e1672860, 0x00000146e1673220, 0x00000146e1673fc0,
0x00000146e1674a70, 0x00000146e167a980, 0x00000146e17ab000, 0x00000146e17ab510,
0x0000014727570480, 0x0000014727535df0
}

Java Threads: ( => current thread )
  0x00000146be4b26c0 JavaThread "main" [_thread_in_Java, id=11992, stack(0x00000002e2400000,0x00000002e2500000)]
  0x00000146e16563f0 JavaThread "Reference Handler" daemon [_thread_blocked, id=15152, stack(0x00000002e2b00000,0x00000002e2c00000)]
  0x00000146e1656fb0 JavaThread "Finalizer" daemon [_thread_blocked, id=16096, stack(0x00000002e2c00000,0x00000002e2d00000)]
  0x00000146e166d4c0 JavaThread "Signal Dispatcher" daemon [_thread_blocked, id=16256, stack(0x00000002e2d00000,0x00000002e2e00000)]
  0x00000146e166fe90 JavaThread "Attach Listener" daemon [_thread_blocked, id=12016, stack(0x00000002e2e00000,0x00000002e2f00000)]
  0x00000146e1672860 JavaThread "Service Thread" daemon [_thread_blocked, id=11976, stack(0x00000002e2f00000,0x00000002e3000000)]
  0x00000146e1673220 JavaThread "Monitor Deflation Thread" daemon [_thread_blocked, id=12028, stack(0x00000002e3000000,0x00000002e3100000)]
  0x00000146e1673fc0 JavaThread "C2 CompilerThread0" daemon [_thread_in_native, id=15688, stack(0x00000002e3100000,0x00000002e3200000)]
  0x00000146e1674a70 JavaThread "C1 CompilerThread0" daemon [_thread_in_native, id=14588, stack(0x00000002e3200000,0x00000002e3300000)]
  0x00000146e167a980 JavaThread "Sweeper thread" daemon [_thread_blocked, id=16236, stack(0x00000002e3300000,0x00000002e3400000)]
  0x00000146e17ab000 JavaThread "Notification Thread" daemon [_thread_blocked, id=14572, stack(0x00000002e3400000,0x00000002e3500000)]
  0x00000146e17ab510 JavaThread "Common-Cleaner" daemon [_thread_blocked, id=15912, stack(0x00000002e3600000,0x00000002e3700000)]
=>0x0000014727570480 JavaThread "C2 CompilerThread1" daemon [_thread_in_native, id=10576, stack(0x00000002e3700000,0x00000002e3800000)]
  0x0000014727535df0 JavaThread "C2 CompilerThread2" daemon [_thread_in_native, id=3496, stack(0x00000002e3800000,0x00000002e3900000)]

Other Threads:
  0x00000146e164f930 VMThread "VM Thread" [stack: 0x00000002e2a00000,0x00000002e2b00000] [id=2732]
  0x00000146be555980 WatcherThread [stack: 0x00000002e3500000,0x00000002e3600000] [id=6132]
  0x00000146be5202a0 GCTaskThread "GC Thread#0" [stack: 0x00000002e2500000,0x00000002e2600000] [id=15208]
  0x00000147278340a0 GCTaskThread "GC Thread#1" [stack: 0x00000002e3900000,0x00000002e3a00000] [id=9876]
  0x00000146e1842b30 GCTaskThread "GC Thread#2" [stack: 0x00000002e3a00000,0x00000002e3b00000] [id=8188]
  0x0000014727f6a420 GCTaskThread "GC Thread#3" [stack: 0x00000002e3b00000,0x00000002e3c00000] [id=14828]
  0x0000014727b19bb0 GCTaskThread "GC Thread#4" [stack: 0x00000002e3c00000,0x00000002e3d00000] [id=16332]
  0x0000014727b19e70 GCTaskThread "GC Thread#5" [stack: 0x00000002e3d00000,0x00000002e3e00000] [id=15460]
  0x0000014727b34010 GCTaskThread "GC Thread#6" [stack: 0x00000002e3e00000,0x00000002e3f00000] [id=15856]
  0x000001472765cc50 GCTaskThread "GC Thread#7" [stack: 0x00000002e3f00000,0x00000002e4000000] [id=2552]
  0x0000014727604cc0 GCTaskThread "GC Thread#8" [stack: 0x00000002e4000000,0x00000002e4100000] [id=15344]
  0x0000014727b03a70 GCTaskThread "GC Thread#9" [stack: 0x00000002e4100000,0x00000002e4200000] [id=12484]
  0x00000146be530fc0 ConcurrentGCThread "G1 Main Marker" [stack: 0x00000002e2600000,0x00000002e2700000] [id=3140]
  0x00000146be532170 ConcurrentGCThread "G1 Conc#0" [stack: 0x00000002e2700000,0x00000002e2800000] [id=12724]
  0x00000146be57deb0 ConcurrentGCThread "G1 Refine#0" [stack: 0x00000002e2800000,0x00000002e2900000] [id=11068]
  0x00000146be57e8e0 ConcurrentGCThread "G1 Service" [stack: 0x00000002e2900000,0x00000002e2a00000] [id=4220]

Threads with active compile tasks:
C2 CompilerThread0     1161 2850       4       org.codehaus.plexus.util.xml.Xpp3Dom::<init> (125 bytes)
C2 CompilerThread1     1161 2354       4       org.codehaus.plexus.configuration.DefaultPlexusConfiguration::getChild (47 bytes)
C2 CompilerThread2     1161 2873       4       java.util.regex.Pattern$CharPropertyGreedy::match (160 bytes)

VM state: not at safepoint (normal execution)

VM Mutex/Monitor currently owned by a thread: None

Heap address: 0x0000000702200000, size: 4062 MB, Compressed Oops mode: Zero based, Oop shift amount: 3

CDS archive(s) mapped at: [0x00000146e2000000-0x00000146e2bd0000-0x00000146e2bd0000), size 12386304, SharedBaseAddress: 0x00000146e2000000, ArchiveRelocationMode: 1.
Compressed class space mapped at: 0x00000146e3000000-0x0000014723000000, reserved size: 1073741824
Narrow klass base: 0x00000146e2000000, Narrow klass shift: 0, Narrow klass range: 0x100000000

GC Precious Log:
 CPUs: 12 total, 12 available
 Memory: 16247M
 Large Page Support: Disabled
 NUMA Support: Disabled
 Compressed Oops: Enabled (Zero based)
 Heap Region Size: 2M
 Heap Min Capacity: 8M
 Heap Initial Capacity: 254M
 Heap Max Capacity: 4062M
 Pre-touch: Disabled
 Parallel Workers: 10
 Concurrent Workers: 3
 Concurrent Refinement Workers: 10
 Periodic GC: Disabled

Heap:
 garbage-first heap   total 260096K, used 44542K [0x0000000702200000, 0x0000000800000000)
  region size 2048K, 22 young (45056K), 2 survivors (4096K)
 Metaspace       used 12584K, committed 12736K, reserved 1114112K
  class space    used 1467K, committed 1536K, reserved 1048576K

Heap Regions: E=young(eden), S=young(survivor), O=old, HS=humongous(starts), HC=humongous(continues), CS=collection set, F=free, OA=open archive, CA=closed archive, TAMS=top-at-mark-start (previous, next)
|   0|0x0000000702200000, 0x0000000702400000, 0x0000000702400000|100%| O|  |TAMS 0x0000000702200000, 0x0000000702200000| Untracked 
|   1|0x0000000702400000, 0x000000070253a400, 0x0000000702600000| 61%| O|  |TAMS 0x0000000702400000, 0x0000000702400000| Untracked 
|   2|0x0000000702600000, 0x0000000702600000, 0x0000000702800000|  0%| F|  |TAMS 0x0000000702600000, 0x0000000702600000| Untracked 
|   3|0x0000000702800000, 0x0000000702800000, 0x0000000702a00000|  0%| F|  |TAMS 0x0000000702800000, 0x0000000702800000| Untracked 
|   4|0x0000000702a00000, 0x0000000702a00000, 0x0000000702c00000|  0%| F|  |TAMS 0x0000000702a00000, 0x0000000702a00000| Untracked 
|   5|0x0000000702c00000, 0x0000000702c00000, 0x0000000702e00000|  0%| F|  |TAMS 0x0000000702c00000, 0x0000000702c00000| Untracked 
|   6|0x0000000702e00000, 0x0000000702e00000, 0x0000000703000000|  0%| F|  |TAMS 0x0000000702e00000, 0x0000000702e00000| Untracked 
|   7|0x0000000703000000, 0x0000000703000000, 0x0000000703200000|  0%| F|  |TAMS 0x0000000703000000, 0x0000000703000000| Untracked 
|   8|0x0000000703200000, 0x0000000703200000, 0x0000000703400000|  0%| F|  |TAMS 0x0000000703200000, 0x0000000703200000| Untracked 
|   9|0x0000000703400000, 0x0000000703400000, 0x0000000703600000|  0%| F|  |TAMS 0x0000000703400000, 0x0000000703400000| Untracked 
|  10|0x0000000703600000, 0x0000000703600000, 0x0000000703800000|  0%| F|  |TAMS 0x0000000703600000, 0x0000000703600000| Untracked 
|  11|0x0000000703800000, 0x0000000703800000, 0x0000000703a00000|  0%| F|  |TAMS 0x0000000703800000, 0x0000000703800000| Untracked 
|  12|0x0000000703a00000, 0x0000000703a00000, 0x0000000703c00000|  0%| F|  |TAMS 0x0000000703a00000, 0x0000000703a00000| Untracked 
|  13|0x0000000703c00000, 0x0000000703c00000, 0x0000000703e00000|  0%| F|  |TAMS 0x0000000703c00000, 0x0000000703c00000| Untracked 
|  14|0x0000000703e00000, 0x0000000703e00000, 0x0000000704000000|  0%| F|  |TAMS 0x0000000703e00000, 0x0000000703e00000| Untracked 
|  15|0x0000000704000000, 0x0000000704000000, 0x0000000704200000|  0%| F|  |TAMS 0x0000000704000000, 0x0000000704000000| Untracked 
|  16|0x0000000704200000, 0x0000000704200000, 0x0000000704400000|  0%| F|  |TAMS 0x0000000704200000, 0x0000000704200000| Untracked 
|  17|0x0000000704400000, 0x0000000704400000, 0x0000000704600000|  0%| F|  |TAMS 0x0000000704400000, 0x0000000704400000| Untracked 
|  18|0x0000000704600000, 0x0000000704600000, 0x0000000704800000|  0%| F|  |TAMS 0x0000000704600000, 0x0000000704600000| Untracked 
|  19|0x0000000704800000, 0x0000000704800000, 0x0000000704a00000|  0%| F|  |TAMS 0x0000000704800000, 0x0000000704800000| Untracked 
|  20|0x0000000704a00000, 0x0000000704a00000, 0x0000000704c00000|  0%| F|  |TAMS 0x0000000704a00000, 0x0000000704a00000| Untracked 
|  21|0x0000000704c00000, 0x0000000704c00000, 0x0000000704e00000|  0%| F|  |TAMS 0x0000000704c00000, 0x0000000704c00000| Untracked 
|  22|0x0000000704e00000, 0x0000000704e00000, 0x0000000705000000|  0%| F|  |TAMS 0x0000000704e00000, 0x0000000704e00000| Untracked 
|  23|0x0000000705000000, 0x0000000705000000, 0x0000000705200000|  0%| F|  |TAMS 0x0000000705000000, 0x0000000705000000| Untracked 
|  24|0x0000000705200000, 0x0000000705200000, 0x0000000705400000|  0%| F|  |TAMS 0x0000000705200000, 0x0000000705200000| Untracked 
|  25|0x0000000705400000, 0x0000000705400000, 0x0000000705600000|  0%| F|  |TAMS 0x0000000705400000, 0x0000000705400000| Untracked 
|  26|0x0000000705600000, 0x0000000705600000, 0x0000000705800000|  0%| F|  |TAMS 0x0000000705600000, 0x0000000705600000| Untracked 
|  27|0x0000000705800000, 0x0000000705800000, 0x0000000705a00000|  0%| F|  |TAMS 0x0000000705800000, 0x0000000705800000| Untracked 
|  28|0x0000000705a00000, 0x0000000705a00000, 0x0000000705c00000|  0%| F|  |TAMS 0x0000000705a00000, 0x0000000705a00000| Untracked 
|  29|0x0000000705c00000, 0x0000000705c00000, 0x0000000705e00000|  0%| F|  |TAMS 0x0000000705c00000, 0x0000000705c00000| Untracked 
|  30|0x0000000705e00000, 0x0000000705e00000, 0x0000000706000000|  0%| F|  |TAMS 0x0000000705e00000, 0x0000000705e00000| Untracked 
|  31|0x0000000706000000, 0x0000000706000000, 0x0000000706200000|  0%| F|  |TAMS 0x0000000706000000, 0x0000000706000000| Untracked 
|  32|0x0000000706200000, 0x0000000706200000, 0x0000000706400000|  0%| F|  |TAMS 0x0000000706200000, 0x0000000706200000| Untracked 
|  33|0x0000000706400000, 0x0000000706400000, 0x0000000706600000|  0%| F|  |TAMS 0x0000000706400000, 0x0000000706400000| Untracked 
|  34|0x0000000706600000, 0x0000000706600000, 0x0000000706800000|  0%| F|  |TAMS 0x0000000706600000, 0x0000000706600000| Untracked 
|  35|0x0000000706800000, 0x0000000706800000, 0x0000000706a00000|  0%| F|  |TAMS 0x0000000706800000, 0x0000000706800000| Untracked 
|  36|0x0000000706a00000, 0x0000000706a00000, 0x0000000706c00000|  0%| F|  |TAMS 0x0000000706a00000, 0x0000000706a00000| Untracked 
|  37|0x0000000706c00000, 0x0000000706c00000, 0x0000000706e00000|  0%| F|  |TAMS 0x0000000706c00000, 0x0000000706c00000| Untracked 
|  38|0x0000000706e00000, 0x0000000706e00000, 0x0000000707000000|  0%| F|  |TAMS 0x0000000706e00000, 0x0000000706e00000| Untracked 
|  39|0x0000000707000000, 0x0000000707000000, 0x0000000707200000|  0%| F|  |TAMS 0x0000000707000000, 0x0000000707000000| Untracked 
|  40|0x0000000707200000, 0x0000000707200000, 0x0000000707400000|  0%| F|  |TAMS 0x0000000707200000, 0x0000000707200000| Untracked 
|  41|0x0000000707400000, 0x0000000707400000, 0x0000000707600000|  0%| F|  |TAMS 0x0000000707400000, 0x0000000707400000| Untracked 
|  42|0x0000000707600000, 0x0000000707600000, 0x0000000707800000|  0%| F|  |TAMS 0x0000000707600000, 0x0000000707600000| Untracked 
|  43|0x0000000707800000, 0x0000000707800000, 0x0000000707a00000|  0%| F|  |TAMS 0x0000000707800000, 0x0000000707800000| Untracked 
|  44|0x0000000707a00000, 0x0000000707a00000, 0x0000000707c00000|  0%| F|  |TAMS 0x0000000707a00000, 0x0000000707a00000| Untracked 
|  45|0x0000000707c00000, 0x0000000707c00000, 0x0000000707e00000|  0%| F|  |TAMS 0x0000000707c00000, 0x0000000707c00000| Untracked 
|  46|0x0000000707e00000, 0x0000000707e00000, 0x0000000708000000|  0%| F|  |TAMS 0x0000000707e00000, 0x0000000707e00000| Untracked 
|  47|0x0000000708000000, 0x0000000708000000, 0x0000000708200000|  0%| F|  |TAMS 0x0000000708000000, 0x0000000708000000| Untracked 
|  48|0x0000000708200000, 0x0000000708200000, 0x0000000708400000|  0%| F|  |TAMS 0x0000000708200000, 0x0000000708200000| Untracked 
|  49|0x0000000708400000, 0x0000000708400000, 0x0000000708600000|  0%| F|  |TAMS 0x0000000708400000, 0x0000000708400000| Untracked 
|  50|0x0000000708600000, 0x0000000708600000, 0x0000000708800000|  0%| F|  |TAMS 0x0000000708600000, 0x0000000708600000| Untracked 
|  51|0x0000000708800000, 0x0000000708800000, 0x0000000708a00000|  0%| F|  |TAMS 0x0000000708800000, 0x0000000708800000| Untracked 
|  52|0x0000000708a00000, 0x0000000708a00000, 0x0000000708c00000|  0%| F|  |TAMS 0x0000000708a00000, 0x0000000708a00000| Untracked 
|  53|0x0000000708c00000, 0x0000000708c00000, 0x0000000708e00000|  0%| F|  |TAMS 0x0000000708c00000, 0x0000000708c00000| Untracked 
|  54|0x0000000708e00000, 0x0000000708e00000, 0x0000000709000000|  0%| F|  |TAMS 0x0000000708e00000, 0x0000000708e00000| Untracked 
|  55|0x0000000709000000, 0x0000000709000000, 0x0000000709200000|  0%| F|  |TAMS 0x0000000709000000, 0x0000000709000000| Untracked 
|  56|0x0000000709200000, 0x0000000709200000, 0x0000000709400000|  0%| F|  |TAMS 0x0000000709200000, 0x0000000709200000| Untracked 
|  57|0x0000000709400000, 0x0000000709400000, 0x0000000709600000|  0%| F|  |TAMS 0x0000000709400000, 0x0000000709400000| Untracked 
|  58|0x0000000709600000, 0x0000000709600000, 0x0000000709800000|  0%| F|  |TAMS 0x0000000709600000, 0x0000000709600000| Untracked 
|  59|0x0000000709800000, 0x0000000709800000, 0x0000000709a00000|  0%| F|  |TAMS 0x0000000709800000, 0x0000000709800000| Untracked 
|  60|0x0000000709a00000, 0x0000000709a00000, 0x0000000709c00000|  0%| F|  |TAMS 0x0000000709a00000, 0x0000000709a00000| Untracked 
|  61|0x0000000709c00000, 0x0000000709c00000, 0x0000000709e00000|  0%| F|  |TAMS 0x0000000709c00000, 0x0000000709c00000| Untracked 
|  62|0x0000000709e00000, 0x0000000709e00000, 0x000000070a000000|  0%| F|  |TAMS 0x0000000709e00000, 0x0000000709e00000| Untracked 
|  63|0x000000070a000000, 0x000000070a000000, 0x000000070a200000|  0%| F|  |TAMS 0x000000070a000000, 0x000000070a000000| Untracked 
|  64|0x000000070a200000, 0x000000070a200000, 0x000000070a400000|  0%| F|  |TAMS 0x000000070a200000, 0x000000070a200000| Untracked 
|  65|0x000000070a400000, 0x000000070a400000, 0x000000070a600000|  0%| F|  |TAMS 0x000000070a400000, 0x000000070a400000| Untracked 
|  66|0x000000070a600000, 0x000000070a600000, 0x000000070a800000|  0%| F|  |TAMS 0x000000070a600000, 0x000000070a600000| Untracked 
|  67|0x000000070a800000, 0x000000070a800000, 0x000000070aa00000|  0%| F|  |TAMS 0x000000070a800000, 0x000000070a800000| Untracked 
|  68|0x000000070aa00000, 0x000000070aa00000, 0x000000070ac00000|  0%| F|  |TAMS 0x000000070aa00000, 0x000000070aa00000| Untracked 
|  69|0x000000070ac00000, 0x000000070ac00000, 0x000000070ae00000|  0%| F|  |TAMS 0x000000070ac00000, 0x000000070ac00000| Untracked 
|  70|0x000000070ae00000, 0x000000070ae00000, 0x000000070b000000|  0%| F|  |TAMS 0x000000070ae00000, 0x000000070ae00000| Untracked 
|  71|0x000000070b000000, 0x000000070b000000, 0x000000070b200000|  0%| F|  |TAMS 0x000000070b000000, 0x000000070b000000| Untracked 
|  72|0x000000070b200000, 0x000000070b200000, 0x000000070b400000|  0%| F|  |TAMS 0x000000070b200000, 0x000000070b200000| Untracked 
|  73|0x000000070b400000, 0x000000070b400000, 0x000000070b600000|  0%| F|  |TAMS 0x000000070b400000, 0x000000070b400000| Untracked 
|  74|0x000000070b600000, 0x000000070b600000, 0x000000070b800000|  0%| F|  |TAMS 0x000000070b600000, 0x000000070b600000| Untracked 
|  75|0x000000070b800000, 0x000000070b800000, 0x000000070ba00000|  0%| F|  |TAMS 0x000000070b800000, 0x000000070b800000| Untracked 
|  76|0x000000070ba00000, 0x000000070ba00000, 0x000000070bc00000|  0%| F|  |TAMS 0x000000070ba00000, 0x000000070ba00000| Untracked 
|  77|0x000000070bc00000, 0x000000070bc00000, 0x000000070be00000|  0%| F|  |TAMS 0x000000070bc00000, 0x000000070bc00000| Untracked 
|  78|0x000000070be00000, 0x000000070be00000, 0x000000070c000000|  0%| F|  |TAMS 0x000000070be00000, 0x000000070be00000| Untracked 
|  79|0x000000070c000000, 0x000000070c000000, 0x000000070c200000|  0%| F|  |TAMS 0x000000070c000000, 0x000000070c000000| Untracked 
|  80|0x000000070c200000, 0x000000070c200000, 0x000000070c400000|  0%| F|  |TAMS 0x000000070c200000, 0x000000070c200000| Untracked 
|  81|0x000000070c400000, 0x000000070c400000, 0x000000070c600000|  0%| F|  |TAMS 0x000000070c400000, 0x000000070c400000| Untracked 
|  82|0x000000070c600000, 0x000000070c600000, 0x000000070c800000|  0%| F|  |TAMS 0x000000070c600000, 0x000000070c600000| Untracked 
|  83|0x000000070c800000, 0x000000070c800000, 0x000000070ca00000|  0%| F|  |TAMS 0x000000070c800000, 0x000000070c800000| Untracked 
|  84|0x000000070ca00000, 0x000000070ca00000, 0x000000070cc00000|  0%| F|  |TAMS 0x000000070ca00000, 0x000000070ca00000| Untracked 
|  85|0x000000070cc00000, 0x000000070cc00000, 0x000000070ce00000|  0%| F|  |TAMS 0x000000070cc00000, 0x000000070cc00000| Untracked 
|  86|0x000000070ce00000, 0x000000070ce00000, 0x000000070d000000|  0%| F|  |TAMS 0x000000070ce00000, 0x000000070ce00000| Untracked 
|  87|0x000000070d000000, 0x000000070d000000, 0x000000070d200000|  0%| F|  |TAMS 0x000000070d000000, 0x000000070d000000| Untracked 
|  88|0x000000070d200000, 0x000000070d200000, 0x000000070d400000|  0%| F|  |TAMS 0x000000070d200000, 0x000000070d200000| Untracked 
|  89|0x000000070d400000, 0x000000070d400000, 0x000000070d600000|  0%| F|  |TAMS 0x000000070d400000, 0x000000070d400000| Untracked 
|  90|0x000000070d600000, 0x000000070d600000, 0x000000070d800000|  0%| F|  |TAMS 0x000000070d600000, 0x000000070d600000| Untracked 
|  91|0x000000070d800000, 0x000000070d800000, 0x000000070da00000|  0%| F|  |TAMS 0x000000070d800000, 0x000000070d800000| Untracked 
|  92|0x000000070da00000, 0x000000070da00000, 0x000000070dc00000|  0%| F|  |TAMS 0x000000070da00000, 0x000000070da00000| Untracked 
|  93|0x000000070dc00000, 0x000000070dc00000, 0x000000070de00000|  0%| F|  |TAMS 0x000000070dc00000, 0x000000070dc00000| Untracked 
|  94|0x000000070de00000, 0x000000070de00000, 0x000000070e000000|  0%| F|  |TAMS 0x000000070de00000, 0x000000070de00000| Untracked 
|  95|0x000000070e000000, 0x000000070e000000, 0x000000070e200000|  0%| F|  |TAMS 0x000000070e000000, 0x000000070e000000| Untracked 
|  96|0x000000070e200000, 0x000000070e200000, 0x000000070e400000|  0%| F|  |TAMS 0x000000070e200000, 0x000000070e200000| Untracked 
|  97|0x000000070e400000, 0x000000070e400000, 0x000000070e600000|  0%| F|  |TAMS 0x000000070e400000, 0x000000070e400000| Untracked 
|  98|0x000000070e600000, 0x000000070e600000, 0x000000070e800000|  0%| F|  |TAMS 0x000000070e600000, 0x000000070e600000| Untracked 
|  99|0x000000070e800000, 0x000000070e800000, 0x000000070ea00000|  0%| F|  |TAMS 0x000000070e800000, 0x000000070e800000| Untracked 
| 100|0x000000070ea00000, 0x000000070ea00000, 0x000000070ec00000|  0%| F|  |TAMS 0x000000070ea00000, 0x000000070ea00000| Untracked 
| 101|0x000000070ec00000, 0x000000070ec00000, 0x000000070ee00000|  0%| F|  |TAMS 0x000000070ec00000, 0x000000070ec00000| Untracked 
| 102|0x000000070ee00000, 0x000000070ee00000, 0x000000070f000000|  0%| F|  |TAMS 0x000000070ee00000, 0x000000070ee00000| Untracked 
| 103|0x000000070f000000, 0x000000070f000000, 0x000000070f200000|  0%| F|  |TAMS 0x000000070f000000, 0x000000070f000000| Untracked 
| 104|0x000000070f200000, 0x000000070f200000, 0x000000070f400000|  0%| F|  |TAMS 0x000000070f200000, 0x000000070f200000| Untracked 
| 105|0x000000070f400000, 0x000000070f500800, 0x000000070f600000| 50%| E|  |TAMS 0x000000070f400000, 0x000000070f400000| Complete 
| 106|0x000000070f600000, 0x000000070f800000, 0x000000070f800000|100%| E|CS|TAMS 0x000000070f600000, 0x000000070f600000| Complete 
| 107|0x000000070f800000, 0x000000070fa00000, 0x000000070fa00000|100%| E|CS|TAMS 0x000000070f800000, 0x000000070f800000| Complete 
| 108|0x000000070fa00000, 0x000000070fa456d8, 0x000000070fc00000| 13%| S|CS|TAMS 0x000000070fa00000, 0x000000070fa00000| Complete 
| 109|0x000000070fc00000, 0x000000070fe00000, 0x000000070fe00000|100%| S|CS|TAMS 0x000000070fc00000, 0x000000070fc00000| Complete 
| 110|0x000000070fe00000, 0x0000000710000000, 0x0000000710000000|100%| E|CS|TAMS 0x000000070fe00000, 0x000000070fe00000| Complete 
| 111|0x0000000710000000, 0x0000000710200000, 0x0000000710200000|100%| E|CS|TAMS 0x0000000710000000, 0x0000000710000000| Complete 
| 112|0x0000000710200000, 0x0000000710400000, 0x0000000710400000|100%| E|CS|TAMS 0x0000000710200000, 0x0000000710200000| Complete 
| 113|0x0000000710400000, 0x0000000710600000, 0x0000000710600000|100%| E|CS|TAMS 0x0000000710400000, 0x0000000710400000| Complete 
| 114|0x0000000710600000, 0x0000000710800000, 0x0000000710800000|100%| E|CS|TAMS 0x0000000710600000, 0x0000000710600000| Complete 
| 115|0x0000000710800000, 0x0000000710a00000, 0x0000000710a00000|100%| E|CS|TAMS 0x0000000710800000, 0x0000000710800000| Complete 
| 116|0x0000000710a00000, 0x0000000710c00000, 0x0000000710c00000|100%| E|CS|TAMS 0x0000000710a00000, 0x0000000710a00000| Complete 
| 117|0x0000000710c00000, 0x0000000710e00000, 0x0000000710e00000|100%| E|CS|TAMS 0x0000000710c00000, 0x0000000710c00000| Complete 
| 118|0x0000000710e00000, 0x0000000711000000, 0x0000000711000000|100%| E|CS|TAMS 0x0000000710e00000, 0x0000000710e00000| Complete 
| 119|0x0000000711000000, 0x0000000711200000, 0x0000000711200000|100%| E|CS|TAMS 0x0000000711000000, 0x0000000711000000| Complete 
| 120|0x0000000711200000, 0x0000000711400000, 0x0000000711400000|100%| E|CS|TAMS 0x0000000711200000, 0x0000000711200000| Complete 
| 121|0x0000000711400000, 0x0000000711600000, 0x0000000711600000|100%| E|CS|TAMS 0x0000000711400000, 0x0000000711400000| Complete 
| 122|0x0000000711600000, 0x0000000711800000, 0x0000000711800000|100%| E|CS|TAMS 0x0000000711600000, 0x0000000711600000| Complete 
| 123|0x0000000711800000, 0x0000000711a00000, 0x0000000711a00000|100%| E|CS|TAMS 0x0000000711800000, 0x0000000711800000| Complete 
| 124|0x0000000711a00000, 0x0000000711c00000, 0x0000000711c00000|100%| E|CS|TAMS 0x0000000711a00000, 0x0000000711a00000| Complete 
| 125|0x0000000711c00000, 0x0000000711e00000, 0x0000000711e00000|100%| E|CS|TAMS 0x0000000711c00000, 0x0000000711c00000| Complete 
| 126|0x0000000711e00000, 0x0000000712000000, 0x0000000712000000|100%| E|CS|TAMS 0x0000000711e00000, 0x0000000711e00000| Complete 

Card table byte_map: [0x00000146d5ab0000,0x00000146d62a0000] _byte_map_base: 0x00000146d229f000

Marking Bits (Prev, Next): (CMBitMap*) 0x00000146be5208c0, (CMBitMap*) 0x00000146be520900
 Prev Bits: [0x00000146d6a90000, 0x00000146daa08000)
 Next Bits: [0x00000146daa10000, 0x00000146de988000)

Polling page: 0x00000146bc260000

Metaspace:

Usage:
  Non-class:     10.86 MB used.
      Class:      1.43 MB used.
       Both:     12.29 MB used.

Virtual space:
  Non-class space:       64.00 MB reserved,      10.94 MB ( 17%) committed,  1 nodes.
      Class space:        1.00 GB reserved,       1.50 MB ( <1%) committed,  1 nodes.
             Both:        1.06 GB reserved,      12.44 MB (  1%) committed. 

Chunk freelists:
   Non-Class:  3.62 MB
       Class:  14.51 MB
        Both:  18.14 MB

MaxMetaspaceSize: unlimited
CompressedClassSpaceSize: 1.00 GB
Initial GC threshold: 21.00 MB
Current GC threshold: 21.00 MB
CDS: on
MetaspaceReclaimPolicy: balanced
 - commit_granule_bytes: 65536.
 - commit_granule_words: 8192.
 - virtual_space_node_default_size: 8388608.
 - enlarge_chunks_in_place: 1.
 - new_chunks_are_fully_committed: 0.
 - uncommit_free_chunks: 1.
 - use_allocation_guard: 0.
 - handle_deallocations: 1.


Internal statistics:

num_allocs_failed_limit: 0.
num_arena_births: 62.
num_arena_deaths: 0.
num_vsnodes_births: 2.
num_vsnodes_deaths: 0.
num_space_committed: 199.
num_space_uncommitted: 0.
num_chunks_returned_to_freelist: 0.
num_chunks_taken_from_freelist: 486.
num_chunk_merges: 0.
num_chunk_splits: 360.
num_chunks_enlarged: 290.
num_inconsistent_stats: 0.

CodeHeap 'non-profiled nmethods': size=120000Kb used=1254Kb max_used=1254Kb free=118745Kb
 bounds [0x00000146cd840000, 0x00000146cdab0000, 0x00000146d4d70000]
CodeHeap 'profiled nmethods': size=120000Kb used=5514Kb max_used=5514Kb free=114485Kb
 bounds [0x00000146c5d70000, 0x00000146c62e0000, 0x00000146cd2a0000]
CodeHeap 'non-nmethods': size=5760Kb used=1183Kb max_used=1228Kb free=4577Kb
 bounds [0x00000146cd2a0000, 0x00000146cd510000, 0x00000146cd840000]
 total_blobs=3339 nmethods=2883 adapters=368
 compilation: enabled
              stopped_count=0, restarted_count=0
 full_count=0

Compilation events (20 events):
Event: 1.113 Thread 0x00000146e1674a70 2743       1       org.apache.maven.model.BuildBase::setResources (6 bytes)
Event: 1.113 Thread 0x00000146e1674a70 nmethod 2743 0x00000146cd966c10 code [0x00000146cd966da0, 0x00000146cd966eb8]
Event: 1.113 Thread 0x00000146e1674a70 2744       1       org.apache.maven.model.BuildBase::setTestResources (6 bytes)
Event: 1.113 Thread 0x00000146e1674a70 nmethod 2744 0x00000146cd966f10 code [0x00000146cd9670a0, 0x00000146cd9671b8]
Event: 1.113 Thread 0x00000146e1674a70 2745       1       org.apache.maven.model.Model::setContributors (6 bytes)
Event: 1.113 Thread 0x00000146e1674a70 nmethod 2745 0x00000146cd967c90 code [0x00000146cd967e20, 0x00000146cd967f38]
Event: 1.113 Thread 0x0000014727535df0 nmethod 2693 0x00000146cd967210 code [0x00000146cd9673a0, 0x00000146cd9679b8]
Event: 1.113 Thread 0x0000014727535df0 2735       4       java.util.concurrent.locks.AbstractQueuedSynchronizer::compareAndSetState (13 bytes)
Event: 1.113 Thread 0x00000146e1674a70 2746       1       org.eclipse.aether.DefaultRepositorySystemSession::isIgnoreArtifactDescriptorRepositories (5 bytes)
Event: 1.113 Thread 0x00000146e1674a70 nmethod 2746 0x00000146cd967f90 code [0x00000146cd968120, 0x00000146cd9681f8]
Event: 1.113 Thread 0x0000014727535df0 nmethod 2735 0x00000146cd968290 code [0x00000146cd968400, 0x00000146cd968498]
Event: 1.113 Thread 0x0000014727535df0 2724 % !   4       org.codehaus.plexus.util.xml.pull.MXParser::parseComment @ 80 (486 bytes)
Event: 1.114 Thread 0x00000146e1674a70 2747       3       org.slf4j.impl.SimpleLogger::isLevelEnabled (14 bytes)
Event: 1.114 Thread 0x00000146e1674a70 nmethod 2747 0x00000146c628ee90 code [0x00000146c628f020, 0x00000146c628f198]
Event: 1.114 Thread 0x00000146e1674a70 2749       3       java.lang.Integer::parseInt (264 bytes)
Event: 1.115 Thread 0x00000146e1674a70 nmethod 2749 0x00000146c628f210 code [0x00000146c628f6a0, 0x00000146c6291618]
Event: 1.115 Thread 0x00000146e1674a70 2753       3       org.apache.maven.model.io.xpp3.MavenXpp3Reader::parseDependency (468 bytes)
Event: 1.116 Thread 0x0000014727535df0 nmethod 2724% 0x00000146cd968590 code [0x00000146cd968720, 0x00000146cd9689c8]
Event: 1.116 Thread 0x0000014727535df0 2738       4       java.util.regex.Pattern$CharPropertyGreedy::match (160 bytes)
Event: 1.117 Thread 0x00000146e1674a70 nmethod 2753 0x00000146c6292210 code [0x00000146c62928e0, 0x00000146c6295eb8]

GC Heap History (4 events):
Event: 0.337 GC heap before
{Heap before GC invocations=0 (full 0):
 garbage-first heap   total 260096K, used 22528K [0x0000000702200000, 0x0000000800000000)
  region size 2048K, 11 young (22528K), 0 survivors (0K)
 Metaspace       used 4721K, committed 4864K, reserved 1114112K
  class space    used 555K, committed 640K, reserved 1048576K
}
Event: 0.339 GC heap after
{Heap after GC invocations=1 (full 0):
 garbage-first heap   total 260096K, used 3638K [0x0000000702200000, 0x0000000800000000)
  region size 2048K, 2 young (4096K), 2 survivors (4096K)
 Metaspace       used 4721K, committed 4864K, reserved 1114112K
  class space    used 555K, committed 640K, reserved 1048576K
}
Event: 0.709 GC heap before
{Heap before GC invocations=1 (full 0):
 garbage-first heap   total 260096K, used 34358K [0x0000000702200000, 0x0000000800000000)
  region size 2048K, 17 young (34816K), 2 survivors (4096K)
 Metaspace       used 9728K, committed 9920K, reserved 1114112K
  class space    used 1209K, committed 1280K, reserved 1048576K
}
Event: 0.712 GC heap after
{Heap after GC invocations=2 (full 0):
 garbage-first heap   total 260096K, used 5630K [0x0000000702200000, 0x0000000800000000)
  region size 2048K, 2 young (4096K), 2 survivors (4096K)
 Metaspace       used 9728K, committed 9920K, reserved 1114112K
  class space    used 1209K, committed 1280K, reserved 1048576K
}

Deoptimization events (20 events):
Event: 0.999 Thread 0x00000146be4b26c0 DEOPT PACKING pc=0x00000146cd8b07e8 sp=0x00000002e24fd730
Event: 0.999 Thread 0x00000146be4b26c0 DEOPT UNPACKING pc=0x00000146cd2f5ba3 sp=0x00000002e24fd638 mode 2
Event: 0.999 Thread 0x00000146be4b26c0 Uncommon trap: trap_request=0xffffff45 fr.pc=0x00000146cd89fc18 relative=0x0000000000000098
Event: 0.999 Thread 0x00000146be4b26c0 Uncommon trap: reason=unstable_if action=reinterpret pc=0x00000146cd89fc18 method=java.util.HashMap.hash(Ljava/lang/Object;)I @ 1 c2
Event: 0.999 Thread 0x00000146be4b26c0 DEOPT PACKING pc=0x00000146cd89fc18 sp=0x00000002e24fd6a0
Event: 0.999 Thread 0x00000146be4b26c0 DEOPT UNPACKING pc=0x00000146cd2f5ba3 sp=0x00000002e24fd638 mode 2
Event: 1.007 Thread 0x00000146be4b26c0 DEOPT PACKING pc=0x00000146c612a77d sp=0x00000002e24fd3c0
Event: 1.007 Thread 0x00000146be4b26c0 DEOPT UNPACKING pc=0x00000146cd2f66e3 sp=0x00000002e24fc8e8 mode 0
Event: 1.016 Thread 0x00000146be4b26c0 Uncommon trap: trap_request=0xffffff45 fr.pc=0x00000146cd924794 relative=0x0000000000000df4
Event: 1.016 Thread 0x00000146be4b26c0 Uncommon trap: reason=unstable_if action=reinterpret pc=0x00000146cd924794 method=org.codehaus.plexus.util.xml.pull.MXParser.nextImpl()I @ 972 c2
Event: 1.016 Thread 0x00000146be4b26c0 DEOPT PACKING pc=0x00000146cd924794 sp=0x00000002e24fcc00
Event: 1.016 Thread 0x00000146be4b26c0 DEOPT UNPACKING pc=0x00000146cd2f5ba3 sp=0x00000002e24fcb70 mode 2
Event: 1.025 Thread 0x00000146be4b26c0 DEOPT PACKING pc=0x00000146c612a79e sp=0x00000002e24fcf90
Event: 1.025 Thread 0x00000146be4b26c0 DEOPT UNPACKING pc=0x00000146cd2f66e3 sp=0x00000002e24fc4b8 mode 0
Event: 1.040 Thread 0x00000146be4b26c0 DEOPT PACKING pc=0x00000146c612a77d sp=0x00000002e24fc8c0
Event: 1.040 Thread 0x00000146be4b26c0 DEOPT UNPACKING pc=0x00000146cd2f66e3 sp=0x00000002e24fbdd0 mode 0
Event: 1.052 Thread 0x00000146be4b26c0 DEOPT PACKING pc=0x00000146c612a79e sp=0x00000002e24fcc40
Event: 1.052 Thread 0x00000146be4b26c0 DEOPT UNPACKING pc=0x00000146cd2f66e3 sp=0x00000002e24fc150 mode 0
Event: 1.063 Thread 0x00000146be4b26c0 DEOPT PACKING pc=0x00000146c612a77d sp=0x00000002e24fcfc0
Event: 1.063 Thread 0x00000146be4b26c0 DEOPT UNPACKING pc=0x00000146cd2f66e3 sp=0x00000002e24fc4d0 mode 0

Classes unloaded (0 events):
No events

Classes redefined (0 events):
No events

Internal exceptions (16 events):
Event: 0.090 Thread 0x00000146be4b26c0 Exception <a 'java/lang/NullPointerException'{0x0000000711dce5c0}> (0x0000000711dce5c0) 
thrown [s\open\src\hotspot\share\interpreter\linkResolver.cpp, line 1350]
Event: 0.098 Thread 0x00000146be4b26c0 Exception <a 'java/lang/NullPointerException'{0x0000000711a14820}> (0x0000000711a14820) 
thrown [s\open\src\hotspot\share\interpreter\linkResolver.cpp, line 1350]
Event: 0.098 Thread 0x00000146be4b26c0 Exception <a 'java/lang/NullPointerException'{0x0000000711a14af8}> (0x0000000711a14af8) 
thrown [s\open\src\hotspot\share\interpreter\linkResolver.cpp, line 1350]
Event: 0.098 Thread 0x00000146be4b26c0 Exception <a 'java/lang/NullPointerException'{0x0000000711a14dd0}> (0x0000000711a14dd0) 
thrown [s\open\src\hotspot\share\interpreter\linkResolver.cpp, line 1350]
Event: 0.099 Thread 0x00000146be4b26c0 Exception <a 'java/lang/NullPointerException'{0x0000000711a1a598}> (0x0000000711a1a598) 
thrown [s\open\src\hotspot\share\interpreter\linkResolver.cpp, line 1350]
Event: 0.100 Thread 0x00000146be4b26c0 Exception <a 'java/lang/NullPointerException'{0x0000000711a2f7a8}> (0x0000000711a2f7a8) 
thrown [s\open\src\hotspot\share\interpreter\linkResolver.cpp, line 1350]
Event: 0.100 Thread 0x00000146be4b26c0 Exception <a 'java/lang/NullPointerException'{0x0000000711a2fa80}> (0x0000000711a2fa80) 
thrown [s\open\src\hotspot\share\interpreter\linkResolver.cpp, line 1350]
Event: 0.100 Thread 0x00000146be4b26c0 Exception <a 'java/lang/NullPointerException'{0x0000000711a2fd58}> (0x0000000711a2fd58) 
thrown [s\open\src\hotspot\share\interpreter\linkResolver.cpp, line 1350]
Event: 0.100 Thread 0x00000146be4b26c0 Exception <a 'java/lang/NullPointerException'{0x0000000711a30030}> (0x0000000711a30030) 
thrown [s\open\src\hotspot\share\interpreter\linkResolver.cpp, line 1350]
Event: 0.270 Thread 0x00000146be4b26c0 Exception <a 'java/lang/NoSuchMethodError'{0x0000000711033620}: 'java.lang.Object java.lang.invoke.DirectMethodHandle$Holder.newInvokeSpecial(java.lang.Object, java.lang.Object, java.lang.Object, java.lang.Object, java.lang.Object)'> (0x0000000711033620) 
thrown [s\open\src\hotspot\share\interpreter\linkResolver.cpp, line 759]
Event: 0.294 Thread 0x00000146be4b26c0 Exception <a 'java/lang/NoClassDefFoundError'{0x0000000711196dd8}: javax/enterprise/inject/Typed> (0x0000000711196dd8) 
thrown [s\open\src\hotspot\share\classfile\systemDictionary.cpp, line 245]
Event: 0.700 Thread 0x00000146be4b26c0 Exception <a 'java/lang/NoClassDefFoundError'{0x000000070ff9f140}: com/google/inject/servlet/ServletModuleTargetVisitor> (0x000000070ff9f140) 
thrown [s\open\src\hotspot\share\classfile\systemDictionary.cpp, line 245]
Event: 0.747 Thread 0x00000146be4b26c0 Exception <a 'java/lang/NoSuchMethodError'{0x0000000711fe9db0}: 'java.lang.Object java.lang.invoke.DirectMethodHandle$Holder.invokeStaticInit(java.lang.Object, int, int, int, int)'> (0x0000000711fe9db0) 
thrown [s\open\src\hotspot\share\interpreter\linkResolver.cpp, line 759]
Event: 0.999 Thread 0x00000146be4b26c0 Implicit null exception at 0x00000146cd8d8c6d to 0x00000146cd8d8e38
Event: 0.999 Thread 0x00000146be4b26c0 Implicit null exception at 0x00000146cd8b05ed to 0x00000146cd8b07c8
Event: 0.999 Thread 0x00000146be4b26c0 Implicit null exception at 0x00000146cd89fb8f to 0x00000146cd89fc09

VM Operations (20 events):
Event: 0.639 Executing VM operation: HandshakeAllThreads
Event: 0.639 Executing VM operation: HandshakeAllThreads done
Event: 0.688 Executing VM operation: HandshakeAllThreads
Event: 0.688 Executing VM operation: HandshakeAllThreads done
Event: 0.709 Executing VM operation: G1CollectForAllocation
Event: 0.712 Executing VM operation: G1CollectForAllocation done
Event: 0.740 Executing VM operation: HandshakeAllThreads
Event: 0.740 Executing VM operation: HandshakeAllThreads done
Event: 0.757 Executing VM operation: HandshakeAllThreads
Event: 0.757 Executing VM operation: HandshakeAllThreads done
Event: 0.798 Executing VM operation: HandshakeAllThreads
Event: 0.798 Executing VM operation: HandshakeAllThreads done
Event: 0.866 Executing VM operation: HandshakeAllThreads
Event: 0.866 Executing VM operation: HandshakeAllThreads done
Event: 0.866 Executing VM operation: HandshakeAllThreads
Event: 0.866 Executing VM operation: HandshakeAllThreads done
Event: 0.866 Executing VM operation: HandshakeAllThreads
Event: 0.867 Executing VM operation: HandshakeAllThreads done
Event: 0.942 Executing VM operation: ICBufferFull
Event: 0.942 Executing VM operation: ICBufferFull done

Events (20 events):
Event: 0.842 loading class java/lang/Short$ShortCache
Event: 0.842 loading class java/lang/Short$ShortCache done
Event: 0.842 loading class java/lang/Byte$ByteCache
Event: 0.842 loading class java/lang/Byte$ByteCache done
Event: 0.862 loading class java/util/LinkedList$ListItr
Event: 0.862 loading class java/util/LinkedList$ListItr done
Event: 0.866 loading class java/util/concurrent/locks/ReentrantReadWriteLock$NonfairSync
Event: 0.866 loading class java/util/concurrent/locks/ReentrantReadWriteLock$Sync
Event: 0.866 loading class java/util/concurrent/locks/ReentrantReadWriteLock$Sync done
Event: 0.866 loading class java/util/concurrent/locks/ReentrantReadWriteLock$NonfairSync done
Event: 0.866 loading class java/util/concurrent/locks/ReentrantReadWriteLock$Sync$ThreadLocalHoldCounter
Event: 0.866 loading class java/util/concurrent/locks/ReentrantReadWriteLock$Sync$ThreadLocalHoldCounter done
Event: 0.866 loading class java/util/concurrent/locks/ReentrantReadWriteLock$ReadLock
Event: 0.866 loading class java/util/concurrent/locks/ReentrantReadWriteLock$ReadLock done
Event: 0.867 loading class java/util/concurrent/locks/ReentrantReadWriteLock$WriteLock
Event: 0.867 loading class java/util/concurrent/locks/ReentrantReadWriteLock$WriteLock done
Event: 0.880 loading class java/util/Formatter$FixedString
Event: 0.880 loading class java/util/Formatter$FixedString done
Event: 1.038 loading class java/util/Collections$UnmodifiableList$1
Event: 1.038 loading class java/util/Collections$UnmodifiableList$1 done


Dynamic libraries:
0x00007ff6a17e0000 - 0x00007ff6a17f0000 	C:\Program Files\Java\jdk-17.0.11\bin\java.exe
0x00007ffc2a750000 - 0x00007ffc2a967000 	C:\Windows\SYSTEM32\ntdll.dll
0x00007ffc28ce0000 - 0x00007ffc28da4000 	C:\Windows\System32\KERNEL32.DLL
0x00007ffc27bb0000 - 0x00007ffc27f5d000 	C:\Windows\System32\KERNELBASE.dll
0x00007ffc28360000 - 0x00007ffc28471000 	C:\Windows\System32\ucrtbase.dll
0x00007ffc1d410000 - 0x00007ffc1d42b000 	C:\Program Files\Java\jdk-17.0.11\bin\VCRUNTIME140.dll
0x00007ffc05bd0000 - 0x00007ffc05be9000 	C:\Program Files\Java\jdk-17.0.11\bin\jli.dll
0x00007ffc2a580000 - 0x00007ffc2a632000 	C:\Windows\System32\ADVAPI32.dll
0x00007ffc2a660000 - 0x00007ffc2a707000 	C:\Windows\System32\msvcrt.dll
0x00007ffc28ee0000 - 0x00007ffc28f89000 	C:\Windows\System32\sechost.dll
0x00007ffc27b80000 - 0x00007ffc27ba8000 	C:\Windows\System32\bcrypt.dll
0x00007ffc296b0000 - 0x00007ffc297c4000 	C:\Windows\System32\RPCRT4.dll
0x00007ffc28750000 - 0x00007ffc288fe000 	C:\Windows\System32\USER32.dll
0x00007ffc27fe0000 - 0x00007ffc28006000 	C:\Windows\System32\win32u.dll
0x00007ffc13700000 - 0x00007ffc13993000 	C:\Windows\WinSxS\amd64_microsoft.windows.common-controls_6595b64144ccf1df_6.0.22621.3672_none_2713b9d173822955\COMCTL32.dll
0x00007ffc28a00000 - 0x00007ffc28a29000 	C:\Windows\System32\GDI32.dll
0x00007ffc28180000 - 0x00007ffc28299000 	C:\Windows\System32\gdi32full.dll
0x00007ffc27ae0000 - 0x00007ffc27b7a000 	C:\Windows\System32\msvcp_win.dll
0x00007ffc1f9a0000 - 0x00007ffc1f9aa000 	C:\Windows\SYSTEM32\VERSION.dll
0x00007ffc28ea0000 - 0x00007ffc28ed1000 	C:\Windows\System32\IMM32.DLL
0x00007ffc1d400000 - 0x00007ffc1d40c000 	C:\Program Files\Java\jdk-17.0.11\bin\vcruntime140_1.dll
0x00007ffbe44f0000 - 0x00007ffbe457e000 	C:\Program Files\Java\jdk-17.0.11\bin\msvcp140.dll
0x00007ffbe4800000 - 0x00007ffbe53e0000 	C:\Program Files\Java\jdk-17.0.11\bin\server\jvm.dll
0x00007ffc28640000 - 0x00007ffc28648000 	C:\Windows\System32\PSAPI.DLL
0x00007ffc0dbc0000 - 0x00007ffc0dbc9000 	C:\Windows\SYSTEM32\WSOCK32.dll
0x00007ffc1ff40000 - 0x00007ffc1ff74000 	C:\Windows\SYSTEM32\WINMM.dll
0x00007ffc29230000 - 0x00007ffc292a1000 	C:\Windows\System32\WS2_32.dll
0x00007ffc26b50000 - 0x00007ffc26b68000 	C:\Windows\SYSTEM32\kernel.appcore.dll
0x00007ffc0f7f0000 - 0x00007ffc0f7fa000 	C:\Program Files\Java\jdk-17.0.11\bin\jimage.dll
0x00007ffc15b20000 - 0x00007ffc15d52000 	C:\Windows\SYSTEM32\DBGHELP.DLL
0x00007ffc29320000 - 0x00007ffc296ad000 	C:\Windows\System32\combase.dll
0x00007ffc28a40000 - 0x00007ffc28b17000 	C:\Windows\System32\OLEAUT32.dll
0x00007ffc0f8a0000 - 0x00007ffc0f8d2000 	C:\Windows\SYSTEM32\dbgcore.DLL
0x00007ffc27f60000 - 0x00007ffc27fdb000 	C:\Windows\System32\bcryptPrimitives.dll
0x00007ffc0b4b0000 - 0x00007ffc0b4d5000 	C:\Program Files\Java\jdk-17.0.11\bin\java.dll
0x00007ffbe4720000 - 0x00007ffbe47f7000 	C:\Program Files\Java\jdk-17.0.11\bin\jsvml.dll
0x00007ffc29d10000 - 0x00007ffc2a578000 	C:\Windows\System32\SHELL32.dll
0x00007ffc25980000 - 0x00007ffc2627e000 	C:\Windows\SYSTEM32\windows.storage.dll
0x00007ffc25840000 - 0x00007ffc2597f000 	C:\Windows\SYSTEM32\wintypes.dll
0x00007ffc28650000 - 0x00007ffc28749000 	C:\Windows\System32\SHCORE.dll
0x00007ffc292b0000 - 0x00007ffc2930e000 	C:\Windows\System32\shlwapi.dll
0x00007ffc279a0000 - 0x00007ffc279c1000 	C:\Windows\SYSTEM32\profapi.dll
0x00007ffc0d520000 - 0x00007ffc0d539000 	C:\Program Files\Java\jdk-17.0.11\bin\net.dll
0x00007ffc1fe00000 - 0x00007ffc1ff36000 	C:\Windows\SYSTEM32\WINHTTP.dll
0x00007ffc26fb0000 - 0x00007ffc27019000 	C:\Windows\system32\mswsock.dll
0x00007ffc0ce50000 - 0x00007ffc0ce66000 	C:\Program Files\Java\jdk-17.0.11\bin\nio.dll
0x00007ffc0b750000 - 0x00007ffc0b768000 	C:\Program Files\Java\jdk-17.0.11\bin\zip.dll
0x0000000069ac0000 - 0x0000000069ae4000 	D:\PROYECTO PRUEBAS\apache-maven-3.8.8\lib\jansi-native\Windows\x86_64\jansi.dll
0x00007ffc0b800000 - 0x00007ffc0b810000 	C:\Program Files\Java\jdk-17.0.11\bin\verify.dll

dbghelp: loaded successfully - version: 4.0.5 - missing functions: none
symbol engine: initialized successfully - sym options: 0x614 - pdb path: .;C:\Program Files\Java\jdk-17.0.11\bin;C:\Windows\SYSTEM32;C:\Windows\WinSxS\amd64_microsoft.windows.common-controls_6595b64144ccf1df_6.0.22621.3672_none_2713b9d173822955;C:\Program Files\Java\jdk-17.0.11\bin\server;D:\PROYECTO PRUEBAS\apache-maven-3.8.8\lib\jansi-native\Windows\x86_64

VM Arguments:
jvm_args: -Dclassworlds.conf=D:\PROYECTO PRUEBAS\apache-maven-3.8.8\bin\m2.conf -Dmaven.home=D:\PROYECTO PRUEBAS\apache-maven-3.8.8 -Dlibrary.jansi.path=D:\PROYECTO PRUEBAS\apache-maven-3.8.8\lib\jansi-native -Dmaven.multiModuleProjectDirectory=C:\Users\caste\Documents\NetBeansProjects\ProyectoClaseUMG 
java_command: org.codehaus.plexus.classworlds.launcher.Launcher -Dnetbeans.deploy=true -Dexec.vmArgs= -Dexec.appArgs= -Dmaven.ext.class.path=D:\PROYECTO PRUEBAS\NetBeans-19\netbeans\java\maven-nblib\netbeans-eventspy.jar -Dfile.encoding=UTF-8 --no-transfer-progress package
java_class_path (initial): D:\PROYECTO PRUEBAS\apache-maven-3.8.8\boot\plexus-classworlds-2.6.0.jar
Launcher Type: SUN_STANDARD

[Global flags]
     intx CICompilerCount                          = 4                                         {product} {ergonomic}
     uint ConcGCThreads                            = 3                                         {product} {ergonomic}
     uint G1ConcRefinementThreads                  = 10                                        {product} {ergonomic}
   size_t G1HeapRegionSize                         = 2097152                                   {product} {ergonomic}
    uintx GCDrainStackTargetSize                   = 64                                        {product} {ergonomic}
   size_t InitialHeapSize                          = 266338304                                 {product} {ergonomic}
   size_t MarkStackSize                            = 4194304                                   {product} {ergonomic}
   size_t MaxHeapSize                              = 4259315712                                {product} {ergonomic}
   size_t MaxNewSize                               = 2554331136                                {product} {ergonomic}
   size_t MinHeapDeltaBytes                        = 2097152                                   {product} {ergonomic}
   size_t MinHeapSize                              = 8388608                                   {product} {ergonomic}
    uintx NonNMethodCodeHeapSize                   = 5839372                                {pd product} {ergonomic}
    uintx NonProfiledCodeHeapSize                  = 122909434                              {pd product} {ergonomic}
    uintx ProfiledCodeHeapSize                     = 122909434                              {pd product} {ergonomic}
    uintx ReservedCodeCacheSize                    = 251658240                              {pd product} {ergonomic}
     bool SegmentedCodeCache                       = true                                      {product} {ergonomic}
   size_t SoftMaxHeapSize                          = 4259315712                             {manageable} {ergonomic}
     bool UseCompressedClassPointers               = true                           {product lp64_product} {ergonomic}
     bool UseCompressedOops                        = true                           {product lp64_product} {ergonomic}
     bool UseG1GC                                  = true                                      {product} {ergonomic}
     bool UseLargePagesIndividualAllocation        = false                                  {pd product} {ergonomic}

Logging:
Log output configuration:
 #0: stdout all=warning uptime,level,tags
 #1: stderr all=off uptime,level,tags

Environment Variables:
JAVA_HOME=C:\Program Files\Java\jdk-17.0.11
PATH=C:\Program Files\Oracle Client for Microsoft Tools\;D:\app\Juan\product\12.2.0\client_1;D:\app\Juan\product\12.2.0\client_1\bin;D:\OracleXE\dbhomeXE\bin;C:\Program Files\Common Files\Oracle\Java\javapath;C:\Program Files (x86)\Common Files\Oracle\Java\javapath;C:\Windows\system32;C:\Windows;C:\Windows\System32\Wbem;C:\Windows\System32\WindowsPowerShell\v1.0\;C:\Windows\System32\OpenSSH\;C:\Program Files (x86)\NVIDIA Corporation\PhysX\Common;C:\Program Files\Java\jdk-19\bin;C:\Program Files\dotnet\;C:\Program Files\nodejs\;C:\Users\caste\AppData\Local\Microsoft\WindowsApps;C:\Program Files\JetBrains\IntelliJ IDEA 2023.2\bin;;D:\Program\Microsoft VS Code\bin;C:\Users\caste\AppData\Roaming\npm;C:\Program Files\nodejs\;
USERNAME=caste
OS=Windows_NT
PROCESSOR_IDENTIFIER=Intel64 Family 6 Model 167 Stepping 1, GenuineIntel



---------------  S Y S T E M  ---------------

OS:
 Windows 11 , 64 bit Build 22621 (10.0.22621.3958)
OS uptime: 0 days 3:24 hours
Hyper-V role detected

CPU: total 12 (initial active 12) (6 cores per cpu, 2 threads per core) family 6 model 167 stepping 1 microcode 0x54, cx8, cmov, fxsr, ht, mmx, 3dnowpref, sse, sse2, sse3, ssse3, sse4.1, sse4.2, popcnt, lzcnt, tsc, tscinvbit, avx, avx2, aes, erms, clmul, bmi1, bmi2, adx, avx512f, avx512dq, avx512cd, avx512bw, avx512vl, sha, fma, vzeroupper, avx512_vpopcntdq, avx512_vpclmulqdq, avx512_vaes, avx512_vnni, clflush, clflushopt, avx512_vbmi2, avx512_vbmi, hv

Memory: 4k page, system-wide physical 16247M (8278M free)
TotalPageFile size 32631M (AvailPageFile size 21168M)
current process WorkingSet (physical memory assigned to process): 128M, peak: 128M
current process commit charge ("private bytes"): 389M, peak: 390M

vm_info: Java HotSpot(TM) 64-Bit Server VM (17.0.11+7-LTS-207) for windows-amd64 JRE (17.0.11+7-LTS-207), built on Mar 11 2024 19:01:50 by "mach5one" with MS VC++ 17.6 (VS2022)

END.
